<?xml version="1.0" encoding="utf-8"?>
<CoverageSession xmlns:xsd="http://www.w3.org/2001/XMLSchema" xmlns:xsi="http://www.w3.org/2001/XMLSchema-instance" Version="4.7.922.0">
  <Summary numSequencePoints="751" visitedSequencePoints="160" numBranchPoints="195" visitedBranchPoints="40" sequenceCoverage="21.30" branchCoverage="20.51" maxCyclomaticComplexity="5" minCyclomaticComplexity="1" maxCrapScore="30" minCrapScore="1" visitedClasses="10" numClasses="22" visitedMethods="34" numMethods="119" />
  <Modules>
    <Module hash="6B-65-4C-DF-BA-98-91-A5-27-18-28-4F-18-87-FF-25-50-0B-56-8E">
      <Summary numSequencePoints="81" visitedSequencePoints="81" numBranchPoints="21" visitedBranchPoints="21" sequenceCoverage="100" branchCoverage="100" maxCyclomaticComplexity="1" minCyclomaticComplexity="1" maxCrapScore="2" minCrapScore="1" visitedClasses="5" numClasses="5" visitedMethods="21" numMethods="21" />
      <ModulePath>D:\學\大四\視窗\視窗HW\109820020\Power Point\Power PointTests\bin\Debug\fine-code-coverage\build-output\Power PointTests.dll</ModulePath>
      <ModuleTime>2023-11-28T17:05:13.8901566Z</ModuleTime>
      <ModuleName>Power PointTests</ModuleName>
      <Files>
        <File uid="1" fullPath="D:\學\大四\視窗\視窗HW\109820020\Power Point\Power PointTests\Model\CircleTests.cs" />
        <File uid="2" fullPath="D:\學\大四\視窗\視窗HW\109820020\Power Point\Power PointTests\Model\FactoryTests.cs" />
        <File uid="3" fullPath="D:\學\大四\視窗\視窗HW\109820020\Power Point\Power PointTests\Model\LineTests.cs" />
        <File uid="4" fullPath="D:\學\大四\視窗\視窗HW\109820020\Power Point\Power PointTests\Model\RectangleTests.cs" />
        <File uid="5" fullPath="D:\學\大四\視窗\視窗HW\109820020\Power Point\Power PointTests\Model\ShapeTests.cs" />
      </Files>
      <Classes>
        <Class>
          <Summary numSequencePoints="9" visitedSequencePoints="9" numBranchPoints="3" visitedBranchPoints="3" sequenceCoverage="100" branchCoverage="100" maxCyclomaticComplexity="1" minCyclomaticComplexity="1" maxCrapScore="2" minCrapScore="1" visitedClasses="1" numClasses="1" visitedMethods="3" numMethods="3" />
          <FullName>Power_Point.Tests.CircleTests</FullName>
          <Methods>
            <Method visited="true" cyclomaticComplexity="1" nPathComplexity="0" sequenceCoverage="100" branchCoverage="100" crapScore="1" isConstructor="false" isStatic="false" isGetter="false" isSetter="false">
              <Summary numSequencePoints="3" visitedSequencePoints="3" numBranchPoints="1" visitedBranchPoints="1" sequenceCoverage="100" branchCoverage="100" maxCyclomaticComplexity="1" minCyclomaticComplexity="1" maxCrapScore="1" minCrapScore="1" visitedClasses="0" numClasses="0" visitedMethods="1" numMethods="1" />
              <MetadataToken>100663297</MetadataToken>
              <Name>System.Void Power_Point.Tests.CircleTests::Initialize()</Name>
              <FileRef uid="1" />
              <SequencePoints>
                <SequencePoint vc="2" uspid="1" ordinal="0" offset="0" sl="19" sc="9" el="19" ec="10" bec="0" bev="0" fileid="1" />
                <SequencePoint vc="2" uspid="2" ordinal="1" offset="1" sl="20" sc="13" el="20" ec="46" bec="0" bev="0" fileid="1" />
                <SequencePoint vc="2" uspid="3" ordinal="2" offset="16" sl="21" sc="9" el="21" ec="10" bec="0" bev="0" fileid="1" />
              </SequencePoints>
              <BranchPoints />
              <MethodPoint xsi:type="SequencePoint" vc="2" uspid="1" ordinal="0" offset="0" sl="19" sc="9" el="19" ec="10" bec="0" bev="0" fileid="1" />
            </Method>
            <Method visited="true" cyclomaticComplexity="1" nPathComplexity="0" sequenceCoverage="100" branchCoverage="100" crapScore="1" isConstructor="false" isStatic="false" isGetter="false" isSetter="false">
              <Summary numSequencePoints="4" visitedSequencePoints="4" numBranchPoints="1" visitedBranchPoints="1" sequenceCoverage="100" branchCoverage="100" maxCyclomaticComplexity="1" minCyclomaticComplexity="1" maxCrapScore="1" minCrapScore="1" visitedClasses="0" numClasses="0" visitedMethods="1" numMethods="1" />
              <MetadataToken>100663298</MetadataToken>
              <Name>System.Void Power_Point.Tests.CircleTests::CircleTest()</Name>
              <FileRef uid="1" />
              <SequencePoints>
                <SequencePoint vc="1" uspid="4" ordinal="0" offset="0" sl="26" sc="9" el="26" ec="10" bec="0" bev="0" fileid="1" />
                <SequencePoint vc="1" uspid="5" ordinal="1" offset="1" sl="27" sc="13" el="27" ec="58" bec="0" bev="0" fileid="1" />
                <SequencePoint vc="1" uspid="6" ordinal="2" offset="23" sl="28" sc="13" el="28" ec="66" bec="0" bev="0" fileid="1" />
                <SequencePoint vc="1" uspid="7" ordinal="3" offset="45" sl="29" sc="9" el="29" ec="10" bec="0" bev="0" fileid="1" />
              </SequencePoints>
              <BranchPoints />
              <MethodPoint xsi:type="SequencePoint" vc="1" uspid="4" ordinal="0" offset="0" sl="26" sc="9" el="26" ec="10" bec="0" bev="0" fileid="1" />
            </Method>
            <Method visited="true" cyclomaticComplexity="1" nPathComplexity="0" sequenceCoverage="100" branchCoverage="100" crapScore="1" isConstructor="false" isStatic="false" isGetter="false" isSetter="false">
              <Summary numSequencePoints="2" visitedSequencePoints="2" numBranchPoints="1" visitedBranchPoints="1" sequenceCoverage="100" branchCoverage="100" maxCyclomaticComplexity="1" minCyclomaticComplexity="1" maxCrapScore="1" minCrapScore="1" visitedClasses="0" numClasses="0" visitedMethods="1" numMethods="1" />
              <MetadataToken>100663299</MetadataToken>
              <Name>System.Void Power_Point.Tests.CircleTests::DrawTest()</Name>
              <FileRef uid="1" />
              <SequencePoints>
                <SequencePoint vc="1" uspid="8" ordinal="0" offset="0" sl="34" sc="9" el="34" ec="10" bec="0" bev="0" fileid="1" />
                <SequencePoint vc="1" uspid="9" ordinal="1" offset="1" sl="36" sc="9" el="36" ec="10" bec="0" bev="0" fileid="1" />
              </SequencePoints>
              <BranchPoints />
              <MethodPoint xsi:type="SequencePoint" vc="1" uspid="8" ordinal="0" offset="0" sl="34" sc="9" el="34" ec="10" bec="0" bev="0" fileid="1" />
            </Method>
            <Method visited="false" cyclomaticComplexity="1" nPathComplexity="0" sequenceCoverage="0" branchCoverage="0" crapScore="2" isConstructor="true" isStatic="false" isGetter="false" isSetter="false">
              <Summary numSequencePoints="0" visitedSequencePoints="0" numBranchPoints="0" visitedBranchPoints="0" sequenceCoverage="0" branchCoverage="0" maxCyclomaticComplexity="1" minCyclomaticComplexity="1" maxCrapScore="2" minCrapScore="2" visitedClasses="0" numClasses="0" visitedMethods="0" numMethods="0" />
              <MetadataToken>100663300</MetadataToken>
              <Name>System.Void Power_Point.Tests.CircleTests::.ctor()</Name>
              <SequencePoints />
              <BranchPoints />
              <MethodPoint vc="0" uspid="10" ordinal="0" offset="0" />
            </Method>
          </Methods>
        </Class>
        <Class>
          <Summary numSequencePoints="6" visitedSequencePoints="6" numBranchPoints="2" visitedBranchPoints="2" sequenceCoverage="100" branchCoverage="100" maxCyclomaticComplexity="1" minCyclomaticComplexity="1" maxCrapScore="2" minCrapScore="1" visitedClasses="1" numClasses="1" visitedMethods="2" numMethods="2" />
          <FullName>Power_Point.Tests.FactoryTests</FullName>
          <Methods>
            <Method visited="true" cyclomaticComplexity="1" nPathComplexity="0" sequenceCoverage="100" branchCoverage="100" crapScore="1" isConstructor="false" isStatic="false" isGetter="false" isSetter="false">
              <Summary numSequencePoints="4" visitedSequencePoints="4" numBranchPoints="1" visitedBranchPoints="1" sequenceCoverage="100" branchCoverage="100" maxCyclomaticComplexity="1" minCyclomaticComplexity="1" maxCrapScore="1" minCrapScore="1" visitedClasses="0" numClasses="0" visitedMethods="1" numMethods="1" />
              <MetadataToken>100663301</MetadataToken>
              <Name>System.Void Power_Point.Tests.FactoryTests::Initialize()</Name>
              <FileRef uid="2" />
              <SequencePoints>
                <SequencePoint vc="1" uspid="11" ordinal="0" offset="0" sl="20" sc="9" el="20" ec="10" bec="0" bev="0" fileid="2" />
                <SequencePoint vc="1" uspid="12" ordinal="1" offset="1" sl="21" sc="13" el="21" ec="38" bec="0" bev="0" fileid="2" />
                <SequencePoint vc="1" uspid="13" ordinal="2" offset="12" sl="22" sc="13" el="22" ec="59" bec="0" bev="0" fileid="2" />
                <SequencePoint vc="1" uspid="14" ordinal="3" offset="29" sl="23" sc="9" el="23" ec="10" bec="0" bev="0" fileid="2" />
              </SequencePoints>
              <BranchPoints />
              <MethodPoint xsi:type="SequencePoint" vc="1" uspid="11" ordinal="0" offset="0" sl="20" sc="9" el="20" ec="10" bec="0" bev="0" fileid="2" />
            </Method>
            <Method visited="true" cyclomaticComplexity="1" nPathComplexity="0" sequenceCoverage="100" branchCoverage="100" crapScore="1" isConstructor="false" isStatic="false" isGetter="false" isSetter="false">
              <Summary numSequencePoints="2" visitedSequencePoints="2" numBranchPoints="1" visitedBranchPoints="1" sequenceCoverage="100" branchCoverage="100" maxCyclomaticComplexity="1" minCyclomaticComplexity="1" maxCrapScore="1" minCrapScore="1" visitedClasses="0" numClasses="0" visitedMethods="1" numMethods="1" />
              <MetadataToken>100663302</MetadataToken>
              <Name>System.Void Power_Point.Tests.FactoryTests::AddShapeTest()</Name>
              <FileRef uid="2" />
              <SequencePoints>
                <SequencePoint vc="1" uspid="15" ordinal="0" offset="0" sl="28" sc="9" el="28" ec="10" bec="0" bev="0" fileid="2" />
                <SequencePoint vc="1" uspid="16" ordinal="1" offset="1" sl="32" sc="9" el="32" ec="10" bec="0" bev="0" fileid="2" />
              </SequencePoints>
              <BranchPoints />
              <MethodPoint xsi:type="SequencePoint" vc="1" uspid="15" ordinal="0" offset="0" sl="28" sc="9" el="28" ec="10" bec="0" bev="0" fileid="2" />
            </Method>
            <Method visited="false" cyclomaticComplexity="1" nPathComplexity="0" sequenceCoverage="0" branchCoverage="0" crapScore="2" isConstructor="true" isStatic="false" isGetter="false" isSetter="false">
              <Summary numSequencePoints="0" visitedSequencePoints="0" numBranchPoints="0" visitedBranchPoints="0" sequenceCoverage="0" branchCoverage="0" maxCyclomaticComplexity="1" minCyclomaticComplexity="1" maxCrapScore="2" minCrapScore="2" visitedClasses="0" numClasses="0" visitedMethods="0" numMethods="0" />
              <MetadataToken>100663303</MetadataToken>
              <Name>System.Void Power_Point.Tests.FactoryTests::.ctor()</Name>
              <SequencePoints />
              <BranchPoints />
              <MethodPoint vc="0" uspid="17" ordinal="0" offset="0" />
            </Method>
          </Methods>
        </Class>
        <Class>
          <Summary numSequencePoints="9" visitedSequencePoints="9" numBranchPoints="3" visitedBranchPoints="3" sequenceCoverage="100" branchCoverage="100" maxCyclomaticComplexity="1" minCyclomaticComplexity="1" maxCrapScore="2" minCrapScore="1" visitedClasses="1" numClasses="1" visitedMethods="3" numMethods="3" />
          <FullName>Power_Point.Tests.LineTests</FullName>
          <Methods>
            <Method visited="true" cyclomaticComplexity="1" nPathComplexity="0" sequenceCoverage="100" branchCoverage="100" crapScore="1" isConstructor="false" isStatic="false" isGetter="false" isSetter="false">
              <Summary numSequencePoints="3" visitedSequencePoints="3" numBranchPoints="1" visitedBranchPoints="1" sequenceCoverage="100" branchCoverage="100" maxCyclomaticComplexity="1" minCyclomaticComplexity="1" maxCrapScore="1" minCrapScore="1" visitedClasses="0" numClasses="0" visitedMethods="1" numMethods="1" />
              <MetadataToken>100663304</MetadataToken>
              <Name>System.Void Power_Point.Tests.LineTests::Initialize()</Name>
              <FileRef uid="3" />
              <SequencePoints>
                <SequencePoint vc="2" uspid="18" ordinal="0" offset="0" sl="19" sc="9" el="19" ec="10" bec="0" bev="0" fileid="3" />
                <SequencePoint vc="2" uspid="19" ordinal="1" offset="1" sl="20" sc="13" el="20" ec="42" bec="0" bev="0" fileid="3" />
                <SequencePoint vc="2" uspid="20" ordinal="2" offset="16" sl="21" sc="9" el="21" ec="10" bec="0" bev="0" fileid="3" />
              </SequencePoints>
              <BranchPoints />
              <MethodPoint xsi:type="SequencePoint" vc="2" uspid="18" ordinal="0" offset="0" sl="19" sc="9" el="19" ec="10" bec="0" bev="0" fileid="3" />
            </Method>
            <Method visited="true" cyclomaticComplexity="1" nPathComplexity="0" sequenceCoverage="100" branchCoverage="100" crapScore="1" isConstructor="false" isStatic="false" isGetter="false" isSetter="false">
              <Summary numSequencePoints="4" visitedSequencePoints="4" numBranchPoints="1" visitedBranchPoints="1" sequenceCoverage="100" branchCoverage="100" maxCyclomaticComplexity="1" minCyclomaticComplexity="1" maxCrapScore="1" minCrapScore="1" visitedClasses="0" numClasses="0" visitedMethods="1" numMethods="1" />
              <MetadataToken>100663305</MetadataToken>
              <Name>System.Void Power_Point.Tests.LineTests::LineTest()</Name>
              <FileRef uid="3" />
              <SequencePoints>
                <SequencePoint vc="1" uspid="21" ordinal="0" offset="0" sl="26" sc="9" el="26" ec="10" bec="0" bev="0" fileid="3" />
                <SequencePoint vc="1" uspid="22" ordinal="1" offset="1" sl="27" sc="13" el="27" ec="56" bec="0" bev="0" fileid="3" />
                <SequencePoint vc="1" uspid="23" ordinal="2" offset="23" sl="28" sc="13" el="28" ec="64" bec="0" bev="0" fileid="3" />
                <SequencePoint vc="1" uspid="24" ordinal="3" offset="45" sl="29" sc="9" el="29" ec="10" bec="0" bev="0" fileid="3" />
              </SequencePoints>
              <BranchPoints />
              <MethodPoint xsi:type="SequencePoint" vc="1" uspid="21" ordinal="0" offset="0" sl="26" sc="9" el="26" ec="10" bec="0" bev="0" fileid="3" />
            </Method>
            <Method visited="true" cyclomaticComplexity="1" nPathComplexity="0" sequenceCoverage="100" branchCoverage="100" crapScore="1" isConstructor="false" isStatic="false" isGetter="false" isSetter="false">
              <Summary numSequencePoints="2" visitedSequencePoints="2" numBranchPoints="1" visitedBranchPoints="1" sequenceCoverage="100" branchCoverage="100" maxCyclomaticComplexity="1" minCyclomaticComplexity="1" maxCrapScore="1" minCrapScore="1" visitedClasses="0" numClasses="0" visitedMethods="1" numMethods="1" />
              <MetadataToken>100663306</MetadataToken>
              <Name>System.Void Power_Point.Tests.LineTests::DrawTest()</Name>
              <FileRef uid="3" />
              <SequencePoints>
                <SequencePoint vc="1" uspid="25" ordinal="0" offset="0" sl="34" sc="9" el="34" ec="10" bec="0" bev="0" fileid="3" />
                <SequencePoint vc="1" uspid="26" ordinal="1" offset="1" sl="36" sc="9" el="36" ec="10" bec="0" bev="0" fileid="3" />
              </SequencePoints>
              <BranchPoints />
              <MethodPoint xsi:type="SequencePoint" vc="1" uspid="25" ordinal="0" offset="0" sl="34" sc="9" el="34" ec="10" bec="0" bev="0" fileid="3" />
            </Method>
            <Method visited="false" cyclomaticComplexity="1" nPathComplexity="0" sequenceCoverage="0" branchCoverage="0" crapScore="2" isConstructor="true" isStatic="false" isGetter="false" isSetter="false">
              <Summary numSequencePoints="0" visitedSequencePoints="0" numBranchPoints="0" visitedBranchPoints="0" sequenceCoverage="0" branchCoverage="0" maxCyclomaticComplexity="1" minCyclomaticComplexity="1" maxCrapScore="2" minCrapScore="2" visitedClasses="0" numClasses="0" visitedMethods="0" numMethods="0" />
              <MetadataToken>100663307</MetadataToken>
              <Name>System.Void Power_Point.Tests.LineTests::.ctor()</Name>
              <SequencePoints />
              <BranchPoints />
              <MethodPoint vc="0" uspid="27" ordinal="0" offset="0" />
            </Method>
          </Methods>
        </Class>
        <Class>
          <Summary numSequencePoints="9" visitedSequencePoints="9" numBranchPoints="3" visitedBranchPoints="3" sequenceCoverage="100" branchCoverage="100" maxCyclomaticComplexity="1" minCyclomaticComplexity="1" maxCrapScore="2" minCrapScore="1" visitedClasses="1" numClasses="1" visitedMethods="3" numMethods="3" />
          <FullName>Power_Point.Tests.RectangleTests</FullName>
          <Methods>
            <Method visited="true" cyclomaticComplexity="1" nPathComplexity="0" sequenceCoverage="100" branchCoverage="100" crapScore="1" isConstructor="false" isStatic="false" isGetter="false" isSetter="false">
              <Summary numSequencePoints="3" visitedSequencePoints="3" numBranchPoints="1" visitedBranchPoints="1" sequenceCoverage="100" branchCoverage="100" maxCyclomaticComplexity="1" minCyclomaticComplexity="1" maxCrapScore="1" minCrapScore="1" visitedClasses="0" numClasses="0" visitedMethods="1" numMethods="1" />
              <MetadataToken>100663308</MetadataToken>
              <Name>System.Void Power_Point.Tests.RectangleTests::Initialize()</Name>
              <FileRef uid="4" />
              <SequencePoints>
                <SequencePoint vc="2" uspid="28" ordinal="0" offset="0" sl="19" sc="9" el="19" ec="10" bec="0" bev="0" fileid="4" />
                <SequencePoint vc="2" uspid="29" ordinal="1" offset="1" sl="20" sc="13" el="20" ec="52" bec="0" bev="0" fileid="4" />
                <SequencePoint vc="2" uspid="30" ordinal="2" offset="16" sl="21" sc="9" el="21" ec="10" bec="0" bev="0" fileid="4" />
              </SequencePoints>
              <BranchPoints />
              <MethodPoint xsi:type="SequencePoint" vc="2" uspid="28" ordinal="0" offset="0" sl="19" sc="9" el="19" ec="10" bec="0" bev="0" fileid="4" />
            </Method>
            <Method visited="true" cyclomaticComplexity="1" nPathComplexity="0" sequenceCoverage="100" branchCoverage="100" crapScore="1" isConstructor="false" isStatic="false" isGetter="false" isSetter="false">
              <Summary numSequencePoints="4" visitedSequencePoints="4" numBranchPoints="1" visitedBranchPoints="1" sequenceCoverage="100" branchCoverage="100" maxCyclomaticComplexity="1" minCyclomaticComplexity="1" maxCrapScore="1" minCrapScore="1" visitedClasses="0" numClasses="0" visitedMethods="1" numMethods="1" />
              <MetadataToken>100663309</MetadataToken>
              <Name>System.Void Power_Point.Tests.RectangleTests::RectangleTest()</Name>
              <FileRef uid="4" />
              <SequencePoints>
                <SequencePoint vc="1" uspid="31" ordinal="0" offset="0" sl="26" sc="9" el="26" ec="10" bec="0" bev="0" fileid="4" />
                <SequencePoint vc="1" uspid="32" ordinal="1" offset="1" sl="27" sc="13" el="27" ec="62" bec="0" bev="0" fileid="4" />
                <SequencePoint vc="1" uspid="33" ordinal="2" offset="23" sl="28" sc="13" el="28" ec="69" bec="0" bev="0" fileid="4" />
                <SequencePoint vc="1" uspid="34" ordinal="3" offset="45" sl="29" sc="9" el="29" ec="10" bec="0" bev="0" fileid="4" />
              </SequencePoints>
              <BranchPoints />
              <MethodPoint xsi:type="SequencePoint" vc="1" uspid="31" ordinal="0" offset="0" sl="26" sc="9" el="26" ec="10" bec="0" bev="0" fileid="4" />
            </Method>
            <Method visited="true" cyclomaticComplexity="1" nPathComplexity="0" sequenceCoverage="100" branchCoverage="100" crapScore="1" isConstructor="false" isStatic="false" isGetter="false" isSetter="false">
              <Summary numSequencePoints="2" visitedSequencePoints="2" numBranchPoints="1" visitedBranchPoints="1" sequenceCoverage="100" branchCoverage="100" maxCyclomaticComplexity="1" minCyclomaticComplexity="1" maxCrapScore="1" minCrapScore="1" visitedClasses="0" numClasses="0" visitedMethods="1" numMethods="1" />
              <MetadataToken>100663310</MetadataToken>
              <Name>System.Void Power_Point.Tests.RectangleTests::DrawTest()</Name>
              <FileRef uid="4" />
              <SequencePoints>
                <SequencePoint vc="1" uspid="35" ordinal="0" offset="0" sl="34" sc="9" el="34" ec="10" bec="0" bev="0" fileid="4" />
                <SequencePoint vc="1" uspid="36" ordinal="1" offset="1" sl="36" sc="9" el="36" ec="10" bec="0" bev="0" fileid="4" />
              </SequencePoints>
              <BranchPoints />
              <MethodPoint xsi:type="SequencePoint" vc="1" uspid="35" ordinal="0" offset="0" sl="34" sc="9" el="34" ec="10" bec="0" bev="0" fileid="4" />
            </Method>
            <Method visited="false" cyclomaticComplexity="1" nPathComplexity="0" sequenceCoverage="0" branchCoverage="0" crapScore="2" isConstructor="true" isStatic="false" isGetter="false" isSetter="false">
              <Summary numSequencePoints="0" visitedSequencePoints="0" numBranchPoints="0" visitedBranchPoints="0" sequenceCoverage="0" branchCoverage="0" maxCyclomaticComplexity="1" minCyclomaticComplexity="1" maxCrapScore="2" minCrapScore="2" visitedClasses="0" numClasses="0" visitedMethods="0" numMethods="0" />
              <MetadataToken>100663311</MetadataToken>
              <Name>System.Void Power_Point.Tests.RectangleTests::.ctor()</Name>
              <SequencePoints />
              <BranchPoints />
              <MethodPoint vc="0" uspid="37" ordinal="0" offset="0" />
            </Method>
          </Methods>
        </Class>
        <Class>
          <Summary numSequencePoints="48" visitedSequencePoints="48" numBranchPoints="10" visitedBranchPoints="10" sequenceCoverage="100" branchCoverage="100" maxCyclomaticComplexity="1" minCyclomaticComplexity="1" maxCrapScore="2" minCrapScore="1" visitedClasses="1" numClasses="1" visitedMethods="10" numMethods="10" />
          <FullName>Power_Point.Tests.ShapeTests</FullName>
          <Methods>
            <Method visited="true" cyclomaticComplexity="1" nPathComplexity="0" sequenceCoverage="100" branchCoverage="100" crapScore="1" isConstructor="false" isStatic="false" isGetter="false" isSetter="false">
              <Summary numSequencePoints="4" visitedSequencePoints="4" numBranchPoints="1" visitedBranchPoints="1" sequenceCoverage="100" branchCoverage="100" maxCyclomaticComplexity="1" minCyclomaticComplexity="1" maxCrapScore="1" minCrapScore="1" visitedClasses="0" numClasses="0" visitedMethods="1" numMethods="1" />
              <MetadataToken>100663312</MetadataToken>
              <Name>System.Void Power_Point.Tests.ShapeTests::Initialize()</Name>
              <FileRef uid="5" />
              <SequencePoints>
                <SequencePoint vc="9" uspid="38" ordinal="0" offset="0" sl="20" sc="9" el="20" ec="10" bec="0" bev="0" fileid="5" />
                <SequencePoint vc="9" uspid="39" ordinal="1" offset="1" sl="21" sc="13" el="21" ec="45" bec="0" bev="0" fileid="5" />
                <SequencePoint vc="9" uspid="40" ordinal="2" offset="16" sl="22" sc="13" el="22" ec="55" bec="0" bev="0" fileid="5" />
                <SequencePoint vc="9" uspid="41" ordinal="3" offset="33" sl="23" sc="9" el="23" ec="10" bec="0" bev="0" fileid="5" />
              </SequencePoints>
              <BranchPoints />
              <MethodPoint xsi:type="SequencePoint" vc="9" uspid="38" ordinal="0" offset="0" sl="20" sc="9" el="20" ec="10" bec="0" bev="0" fileid="5" />
            </Method>
            <Method visited="true" cyclomaticComplexity="1" nPathComplexity="0" sequenceCoverage="100" branchCoverage="100" crapScore="1" isConstructor="false" isStatic="false" isGetter="false" isSetter="false">
              <Summary numSequencePoints="3" visitedSequencePoints="3" numBranchPoints="1" visitedBranchPoints="1" sequenceCoverage="100" branchCoverage="100" maxCyclomaticComplexity="1" minCyclomaticComplexity="1" maxCrapScore="1" minCrapScore="1" visitedClasses="0" numClasses="0" visitedMethods="1" numMethods="1" />
              <MetadataToken>100663313</MetadataToken>
              <Name>System.Void Power_Point.Tests.ShapeTests::GetShapeNameTest()</Name>
              <FileRef uid="5" />
              <SequencePoints>
                <SequencePoint vc="1" uspid="42" ordinal="0" offset="0" sl="28" sc="9" el="28" ec="10" bec="0" bev="0" fileid="5" />
                <SequencePoint vc="1" uspid="43" ordinal="1" offset="1" sl="29" sc="13" el="29" ec="57" bec="0" bev="0" fileid="5" />
                <SequencePoint vc="1" uspid="44" ordinal="2" offset="23" sl="30" sc="9" el="30" ec="10" bec="0" bev="0" fileid="5" />
              </SequencePoints>
              <BranchPoints />
              <MethodPoint xsi:type="SequencePoint" vc="1" uspid="42" ordinal="0" offset="0" sl="28" sc="9" el="28" ec="10" bec="0" bev="0" fileid="5" />
            </Method>
            <Method visited="true" cyclomaticComplexity="1" nPathComplexity="0" sequenceCoverage="100" branchCoverage="100" crapScore="1" isConstructor="false" isStatic="false" isGetter="false" isSetter="false">
              <Summary numSequencePoints="3" visitedSequencePoints="3" numBranchPoints="1" visitedBranchPoints="1" sequenceCoverage="100" branchCoverage="100" maxCyclomaticComplexity="1" minCyclomaticComplexity="1" maxCrapScore="1" minCrapScore="1" visitedClasses="0" numClasses="0" visitedMethods="1" numMethods="1" />
              <MetadataToken>100663314</MetadataToken>
              <Name>System.Void Power_Point.Tests.ShapeTests::GetInfoTest()</Name>
              <FileRef uid="5" />
              <SequencePoints>
                <SequencePoint vc="1" uspid="45" ordinal="0" offset="0" sl="35" sc="9" el="35" ec="10" bec="0" bev="0" fileid="5" />
                <SequencePoint vc="1" uspid="46" ordinal="1" offset="1" sl="36" sc="13" el="36" ec="65" bec="0" bev="0" fileid="5" />
                <SequencePoint vc="1" uspid="47" ordinal="2" offset="23" sl="37" sc="9" el="37" ec="10" bec="0" bev="0" fileid="5" />
              </SequencePoints>
              <BranchPoints />
              <MethodPoint xsi:type="SequencePoint" vc="1" uspid="45" ordinal="0" offset="0" sl="35" sc="9" el="35" ec="10" bec="0" bev="0" fileid="5" />
            </Method>
            <Method visited="true" cyclomaticComplexity="1" nPathComplexity="0" sequenceCoverage="100" branchCoverage="100" crapScore="1" isConstructor="false" isStatic="false" isGetter="false" isSetter="false">
              <Summary numSequencePoints="4" visitedSequencePoints="4" numBranchPoints="1" visitedBranchPoints="1" sequenceCoverage="100" branchCoverage="100" maxCyclomaticComplexity="1" minCyclomaticComplexity="1" maxCrapScore="1" minCrapScore="1" visitedClasses="0" numClasses="0" visitedMethods="1" numMethods="1" />
              <MetadataToken>100663315</MetadataToken>
              <Name>System.Void Power_Point.Tests.ShapeTests::ChangeSecondPointTest()</Name>
              <FileRef uid="5" />
              <SequencePoints>
                <SequencePoint vc="1" uspid="48" ordinal="0" offset="0" sl="42" sc="9" el="42" ec="10" bec="0" bev="0" fileid="5" />
                <SequencePoint vc="1" uspid="49" ordinal="1" offset="1" sl="43" sc="13" el="43" ec="44" bec="0" bev="0" fileid="5" />
                <SequencePoint vc="1" uspid="50" ordinal="2" offset="15" sl="44" sc="13" el="44" ec="65" bec="0" bev="0" fileid="5" />
                <SequencePoint vc="1" uspid="51" ordinal="3" offset="37" sl="45" sc="9" el="45" ec="10" bec="0" bev="0" fileid="5" />
              </SequencePoints>
              <BranchPoints />
              <MethodPoint xsi:type="SequencePoint" vc="1" uspid="48" ordinal="0" offset="0" sl="42" sc="9" el="42" ec="10" bec="0" bev="0" fileid="5" />
            </Method>
            <Method visited="true" cyclomaticComplexity="1" nPathComplexity="0" sequenceCoverage="100" branchCoverage="100" crapScore="1" isConstructor="false" isStatic="false" isGetter="false" isSetter="false">
              <Summary numSequencePoints="4" visitedSequencePoints="4" numBranchPoints="1" visitedBranchPoints="1" sequenceCoverage="100" branchCoverage="100" maxCyclomaticComplexity="1" minCyclomaticComplexity="1" maxCrapScore="1" minCrapScore="1" visitedClasses="0" numClasses="0" visitedMethods="1" numMethods="1" />
              <MetadataToken>100663316</MetadataToken>
              <Name>System.Void Power_Point.Tests.ShapeTests::IsCursorInTest()</Name>
              <FileRef uid="5" />
              <SequencePoints>
                <SequencePoint vc="1" uspid="52" ordinal="0" offset="0" sl="50" sc="9" el="50" ec="10" bec="0" bev="0" fileid="5" />
                <SequencePoint vc="1" uspid="53" ordinal="1" offset="1" sl="51" sc="13" el="51" ec="52" bec="0" bev="0" fileid="5" />
                <SequencePoint vc="1" uspid="54" ordinal="2" offset="20" sl="52" sc="13" el="52" ec="53" bec="0" bev="0" fileid="5" />
                <SequencePoint vc="1" uspid="55" ordinal="3" offset="39" sl="53" sc="9" el="53" ec="10" bec="0" bev="0" fileid="5" />
              </SequencePoints>
              <BranchPoints />
              <MethodPoint xsi:type="SequencePoint" vc="1" uspid="52" ordinal="0" offset="0" sl="50" sc="9" el="50" ec="10" bec="0" bev="0" fileid="5" />
            </Method>
            <Method visited="true" cyclomaticComplexity="1" nPathComplexity="0" sequenceCoverage="100" branchCoverage="100" crapScore="1" isConstructor="false" isStatic="false" isGetter="false" isSetter="false">
              <Summary numSequencePoints="10" visitedSequencePoints="10" numBranchPoints="1" visitedBranchPoints="1" sequenceCoverage="100" branchCoverage="100" maxCyclomaticComplexity="1" minCyclomaticComplexity="1" maxCrapScore="1" minCrapScore="1" visitedClasses="0" numClasses="0" visitedMethods="1" numMethods="1" />
              <MetadataToken>100663317</MetadataToken>
              <Name>System.Void Power_Point.Tests.ShapeTests::SelectTest()</Name>
              <FileRef uid="5" />
              <SequencePoints>
                <SequencePoint vc="1" uspid="56" ordinal="0" offset="0" sl="58" sc="9" el="58" ec="10" bec="0" bev="0" fileid="5" />
                <SequencePoint vc="1" uspid="57" ordinal="1" offset="1" sl="59" sc="13" el="59" ec="33" bec="0" bev="0" fileid="5" />
                <SequencePoint vc="1" uspid="58" ordinal="2" offset="15" sl="60" sc="13" el="60" ec="82" bec="0" bev="0" fileid="5" />
                <SequencePoint vc="1" uspid="59" ordinal="3" offset="43" sl="61" sc="13" el="61" ec="88" bec="0" bev="0" fileid="5" />
                <SequencePoint vc="1" uspid="60" ordinal="4" offset="71" sl="62" sc="13" el="62" ec="88" bec="0" bev="0" fileid="5" />
                <SequencePoint vc="1" uspid="61" ordinal="5" offset="99" sl="63" sc="13" el="63" ec="90" bec="0" bev="0" fileid="5" />
                <SequencePoint vc="1" uspid="62" ordinal="6" offset="127" sl="64" sc="13" el="64" ec="90" bec="0" bev="0" fileid="5" />
                <SequencePoint vc="1" uspid="63" ordinal="7" offset="155" sl="65" sc="13" el="65" ec="90" bec="0" bev="0" fileid="5" />
                <SequencePoint vc="1" uspid="64" ordinal="8" offset="183" sl="66" sc="13" el="66" ec="90" bec="0" bev="0" fileid="5" />
                <SequencePoint vc="1" uspid="65" ordinal="9" offset="211" sl="67" sc="9" el="67" ec="10" bec="0" bev="0" fileid="5" />
              </SequencePoints>
              <BranchPoints />
              <MethodPoint xsi:type="SequencePoint" vc="1" uspid="56" ordinal="0" offset="0" sl="58" sc="9" el="58" ec="10" bec="0" bev="0" fileid="5" />
            </Method>
            <Method visited="true" cyclomaticComplexity="1" nPathComplexity="0" sequenceCoverage="100" branchCoverage="100" crapScore="1" isConstructor="false" isStatic="false" isGetter="false" isSetter="false">
              <Summary numSequencePoints="9" visitedSequencePoints="9" numBranchPoints="1" visitedBranchPoints="1" sequenceCoverage="100" branchCoverage="100" maxCyclomaticComplexity="1" minCyclomaticComplexity="1" maxCrapScore="1" minCrapScore="1" visitedClasses="0" numClasses="0" visitedMethods="1" numMethods="1" />
              <MetadataToken>100663318</MetadataToken>
              <Name>System.Void Power_Point.Tests.ShapeTests::MoveShapeTest()</Name>
              <FileRef uid="5" />
              <SequencePoints>
                <SequencePoint vc="1" uspid="66" ordinal="0" offset="0" sl="72" sc="9" el="72" ec="10" bec="0" bev="0" fileid="5" />
                <SequencePoint vc="1" uspid="67" ordinal="1" offset="1" sl="73" sc="13" el="73" ec="33" bec="0" bev="0" fileid="5" />
                <SequencePoint vc="1" uspid="68" ordinal="2" offset="15" sl="74" sc="13" el="74" ec="36" bec="0" bev="0" fileid="5" />
                <SequencePoint vc="1" uspid="69" ordinal="3" offset="29" sl="75" sc="13" el="75" ec="82" bec="0" bev="0" fileid="5" />
                <SequencePoint vc="1" uspid="70" ordinal="4" offset="57" sl="76" sc="13" el="76" ec="73" bec="0" bev="0" fileid="5" />
                <SequencePoint vc="1" uspid="71" ordinal="5" offset="85" sl="77" sc="13" el="77" ec="73" bec="0" bev="0" fileid="5" />
                <SequencePoint vc="1" uspid="72" ordinal="6" offset="113" sl="78" sc="13" el="78" ec="73" bec="0" bev="0" fileid="5" />
                <SequencePoint vc="1" uspid="73" ordinal="7" offset="141" sl="79" sc="13" el="79" ec="73" bec="0" bev="0" fileid="5" />
                <SequencePoint vc="1" uspid="74" ordinal="8" offset="169" sl="80" sc="9" el="80" ec="10" bec="0" bev="0" fileid="5" />
              </SequencePoints>
              <BranchPoints />
              <MethodPoint xsi:type="SequencePoint" vc="1" uspid="66" ordinal="0" offset="0" sl="72" sc="9" el="72" ec="10" bec="0" bev="0" fileid="5" />
            </Method>
            <Method visited="true" cyclomaticComplexity="1" nPathComplexity="0" sequenceCoverage="100" branchCoverage="100" crapScore="1" isConstructor="false" isStatic="false" isGetter="false" isSetter="false">
              <Summary numSequencePoints="7" visitedSequencePoints="7" numBranchPoints="1" visitedBranchPoints="1" sequenceCoverage="100" branchCoverage="100" maxCyclomaticComplexity="1" minCyclomaticComplexity="1" maxCrapScore="1" minCrapScore="1" visitedClasses="0" numClasses="0" visitedMethods="1" numMethods="1" />
              <MetadataToken>100663319</MetadataToken>
              <Name>System.Void Power_Point.Tests.ShapeTests::CancelSelectTest()</Name>
              <FileRef uid="5" />
              <SequencePoints>
                <SequencePoint vc="1" uspid="75" ordinal="0" offset="0" sl="85" sc="9" el="85" ec="10" bec="0" bev="0" fileid="5" />
                <SequencePoint vc="1" uspid="76" ordinal="1" offset="1" sl="86" sc="13" el="86" ec="83" bec="0" bev="0" fileid="5" />
                <SequencePoint vc="1" uspid="77" ordinal="2" offset="29" sl="87" sc="13" el="87" ec="33" bec="0" bev="0" fileid="5" />
                <SequencePoint vc="1" uspid="78" ordinal="3" offset="43" sl="88" sc="13" el="88" ec="82" bec="0" bev="0" fileid="5" />
                <SequencePoint vc="1" uspid="79" ordinal="4" offset="71" sl="89" sc="13" el="89" ec="35" bec="0" bev="0" fileid="5" />
                <SequencePoint vc="1" uspid="80" ordinal="5" offset="83" sl="90" sc="13" el="90" ec="83" bec="0" bev="0" fileid="5" />
                <SequencePoint vc="1" uspid="81" ordinal="6" offset="111" sl="92" sc="9" el="92" ec="10" bec="0" bev="0" fileid="5" />
              </SequencePoints>
              <BranchPoints />
              <MethodPoint xsi:type="SequencePoint" vc="1" uspid="75" ordinal="0" offset="0" sl="85" sc="9" el="85" ec="10" bec="0" bev="0" fileid="5" />
            </Method>
            <Method visited="true" cyclomaticComplexity="1" nPathComplexity="0" sequenceCoverage="100" branchCoverage="100" crapScore="1" isConstructor="false" isStatic="false" isGetter="false" isSetter="false">
              <Summary numSequencePoints="2" visitedSequencePoints="2" numBranchPoints="1" visitedBranchPoints="1" sequenceCoverage="100" branchCoverage="100" maxCyclomaticComplexity="1" minCyclomaticComplexity="1" maxCrapScore="1" minCrapScore="1" visitedClasses="0" numClasses="0" visitedMethods="1" numMethods="1" />
              <MetadataToken>100663320</MetadataToken>
              <Name>System.Void Power_Point.Tests.ShapeTests::DrawSelectedBoxTest()</Name>
              <FileRef uid="5" />
              <SequencePoints>
                <SequencePoint vc="1" uspid="82" ordinal="0" offset="0" sl="97" sc="9" el="97" ec="10" bec="0" bev="0" fileid="5" />
                <SequencePoint vc="1" uspid="83" ordinal="1" offset="1" sl="99" sc="9" el="99" ec="10" bec="0" bev="0" fileid="5" />
              </SequencePoints>
              <BranchPoints />
              <MethodPoint xsi:type="SequencePoint" vc="1" uspid="82" ordinal="0" offset="0" sl="97" sc="9" el="97" ec="10" bec="0" bev="0" fileid="5" />
            </Method>
            <Method visited="true" cyclomaticComplexity="1" nPathComplexity="0" sequenceCoverage="100" branchCoverage="100" crapScore="1" isConstructor="false" isStatic="false" isGetter="false" isSetter="false">
              <Summary numSequencePoints="2" visitedSequencePoints="2" numBranchPoints="1" visitedBranchPoints="1" sequenceCoverage="100" branchCoverage="100" maxCyclomaticComplexity="1" minCyclomaticComplexity="1" maxCrapScore="1" minCrapScore="1" visitedClasses="0" numClasses="0" visitedMethods="1" numMethods="1" />
              <MetadataToken>100663321</MetadataToken>
              <Name>System.Void Power_Point.Tests.ShapeTests::DrawTest()</Name>
              <FileRef uid="5" />
              <SequencePoints>
                <SequencePoint vc="1" uspid="84" ordinal="0" offset="0" sl="104" sc="9" el="104" ec="10" bec="0" bev="0" fileid="5" />
                <SequencePoint vc="1" uspid="85" ordinal="1" offset="1" sl="106" sc="9" el="106" ec="10" bec="0" bev="0" fileid="5" />
              </SequencePoints>
              <BranchPoints />
              <MethodPoint xsi:type="SequencePoint" vc="1" uspid="84" ordinal="0" offset="0" sl="104" sc="9" el="104" ec="10" bec="0" bev="0" fileid="5" />
            </Method>
            <Method visited="false" cyclomaticComplexity="1" nPathComplexity="0" sequenceCoverage="0" branchCoverage="0" crapScore="2" isConstructor="true" isStatic="false" isGetter="false" isSetter="false">
              <Summary numSequencePoints="0" visitedSequencePoints="0" numBranchPoints="0" visitedBranchPoints="0" sequenceCoverage="0" branchCoverage="0" maxCyclomaticComplexity="1" minCyclomaticComplexity="1" maxCrapScore="2" minCrapScore="2" visitedClasses="0" numClasses="0" visitedMethods="0" numMethods="0" />
              <MetadataToken>100663322</MetadataToken>
              <Name>System.Void Power_Point.Tests.ShapeTests::.ctor()</Name>
              <SequencePoints />
              <BranchPoints />
              <MethodPoint vc="0" uspid="86" ordinal="0" offset="0" />
            </Method>
          </Methods>
        </Class>
      </Classes>
    </Module>
    <Module hash="10-2D-A3-C6-74-61-5D-69-A0-62-96-FF-0D-15-ED-C8-CC-8E-87-B1">
      <Summary numSequencePoints="670" visitedSequencePoints="79" numBranchPoints="174" visitedBranchPoints="19" sequenceCoverage="11.79" branchCoverage="10.92" maxCyclomaticComplexity="5" minCyclomaticComplexity="1" maxCrapScore="30" minCrapScore="1" visitedClasses="5" numClasses="17" visitedMethods="13" numMethods="98" />
      <ModulePath>D:\學\大四\視窗\視窗HW\109820020\Power Point\Power PointTests\bin\Debug\fine-code-coverage\build-output\Power Point.exe</ModulePath>
      <ModuleTime>2023-11-28T16:32:44.779742Z</ModuleTime>
      <ModuleName>Power Point</ModuleName>
      <Files>
        <File uid="11" fullPath="D:\學\大四\視窗\視窗HW\109820020\Power Point\Power Point\DoubleBufferedPanel.cs" />
        <File uid="12" fullPath="D:\學\大四\視窗\視窗HW\109820020\Power Point\Power Point\Model\CircleState.cs" />
        <File uid="13" fullPath="D:\學\大四\視窗\視窗HW\109820020\Power Point\Power Point\Model\RectangleState.cs" />
        <File uid="14" fullPath="D:\學\大四\視窗\視窗HW\109820020\Power Point\Power Point\Model\LineState.cs" />
        <File uid="15" fullPath="D:\學\大四\視窗\視窗HW\109820020\Power Point\Power Point\Model\DrawingState.cs" />
        <File uid="16" fullPath="D:\學\大四\視窗\視窗HW\109820020\Power Point\Power Point\Model\PointState.cs" />
        <File uid="17" fullPath="D:\學\大四\視窗\視窗HW\109820020\Power Point\Power Point\Model\Model.cs" />
        <File uid="18" fullPath="D:\學\大四\視窗\視窗HW\109820020\Power Point\Power Point\Model\Factory.cs" />
        <File uid="19" fullPath="D:\學\大四\視窗\視窗HW\109820020\Power Point\Power Point\Model\Shape.cs" />
        <File uid="20" fullPath="D:\學\大四\視窗\視窗HW\109820020\Power Point\Power Point\Model\Line.cs" />
        <File uid="21" fullPath="D:\學\大四\視窗\視窗HW\109820020\Power Point\Power Point\Model\Circle.cs" />
        <File uid="22" fullPath="D:\學\大四\視窗\視窗HW\109820020\Power Point\Power Point\Model\Rectangle.cs" />
        <File uid="23" fullPath="D:\學\大四\視窗\視窗HW\109820020\Power Point\Power Point\Model\Shapes.cs" />
        <File uid="24" fullPath="D:\學\大四\視窗\視窗HW\109820020\Power Point\Power Point\Form1.Designer.cs" />
        <File uid="25" fullPath="D:\學\大四\視窗\視窗HW\109820020\Power Point\Power Point\Form1.cs" />
        <File uid="26" fullPath="D:\學\大四\視窗\視窗HW\109820020\Power Point\Power Point\PresentationModel\FormPresentationModel.cs" />
        <File uid="27" fullPath="D:\學\大四\視窗\視窗HW\109820020\Power Point\Power Point\Program.cs" />
        <File uid="28" fullPath="D:\學\大四\視窗\視窗HW\109820020\Power Point\Power Point\PresentationModel\FormGraphicsAdapter.cs" />
      </Files>
      <Classes>
        <Class>
          <Summary numSequencePoints="4" visitedSequencePoints="0" numBranchPoints="1" visitedBranchPoints="0" sequenceCoverage="0" branchCoverage="0" maxCyclomaticComplexity="1" minCyclomaticComplexity="1" maxCrapScore="2" minCrapScore="2" visitedClasses="0" numClasses="1" visitedMethods="0" numMethods="1" />
          <FullName>Power_Point.DoubleBufferedPanel</FullName>
          <Methods>
            <Method visited="false" cyclomaticComplexity="1" nPathComplexity="0" sequenceCoverage="0" branchCoverage="0" crapScore="2" isConstructor="true" isStatic="false" isGetter="false" isSetter="false">
              <Summary numSequencePoints="4" visitedSequencePoints="0" numBranchPoints="1" visitedBranchPoints="0" sequenceCoverage="0" branchCoverage="0" maxCyclomaticComplexity="1" minCyclomaticComplexity="1" maxCrapScore="2" minCrapScore="2" visitedClasses="0" numClasses="0" visitedMethods="0" numMethods="1" />
              <MetadataToken>100663297</MetadataToken>
              <Name>System.Void Power_Point.DoubleBufferedPanel::.ctor()</Name>
              <FileRef uid="11" />
              <SequencePoints>
                <SequencePoint vc="0" uspid="87" ordinal="0" offset="0" sl="12" sc="9" el="12" ec="37" bec="0" bev="0" fileid="11" />
                <SequencePoint vc="0" uspid="88" ordinal="1" offset="7" sl="13" sc="9" el="13" ec="10" bec="0" bev="0" fileid="11" />
                <SequencePoint vc="0" uspid="89" ordinal="2" offset="8" sl="14" sc="13" el="14" ec="35" bec="0" bev="0" fileid="11" />
                <SequencePoint vc="0" uspid="90" ordinal="3" offset="16" sl="15" sc="9" el="15" ec="10" bec="0" bev="0" fileid="11" />
              </SequencePoints>
              <BranchPoints />
              <MethodPoint xsi:type="SequencePoint" vc="0" uspid="87" ordinal="0" offset="0" sl="12" sc="9" el="12" ec="37" bec="0" bev="0" fileid="11" />
            </Method>
          </Methods>
        </Class>
        <Class>
          <Summary numSequencePoints="10" visitedSequencePoints="0" numBranchPoints="2" visitedBranchPoints="0" sequenceCoverage="0" branchCoverage="0" maxCyclomaticComplexity="1" minCyclomaticComplexity="1" maxCrapScore="2" minCrapScore="2" visitedClasses="0" numClasses="1" visitedMethods="0" numMethods="2" />
          <FullName>Power_Point.CircleState</FullName>
          <Methods>
            <Method visited="false" cyclomaticComplexity="1" nPathComplexity="0" sequenceCoverage="0" branchCoverage="0" crapScore="2" isConstructor="true" isStatic="false" isGetter="false" isSetter="false">
              <Summary numSequencePoints="6" visitedSequencePoints="0" numBranchPoints="1" visitedBranchPoints="0" sequenceCoverage="0" branchCoverage="0" maxCyclomaticComplexity="1" minCyclomaticComplexity="1" maxCrapScore="2" minCrapScore="2" visitedClasses="0" numClasses="0" visitedMethods="0" numMethods="1" />
              <MetadataToken>100663298</MetadataToken>
              <Name>System.Void Power_Point.CircleState::.ctor(Power_Point.Model)</Name>
              <FileRef uid="12" />
              <SequencePoints>
                <SequencePoint vc="0" uspid="91" ordinal="0" offset="0" sl="13" sc="9" el="13" ec="40" bec="0" bev="0" fileid="12" />
                <SequencePoint vc="0" uspid="92" ordinal="1" offset="7" sl="14" sc="9" el="14" ec="10" bec="0" bev="0" fileid="12" />
                <SequencePoint vc="0" uspid="93" ordinal="2" offset="8" sl="15" sc="13" el="15" ec="33" bec="0" bev="0" fileid="12" />
                <SequencePoint vc="0" uspid="94" ordinal="3" offset="15" sl="16" sc="13" el="16" ec="34" bec="0" bev="0" fileid="12" />
                <SequencePoint vc="0" uspid="95" ordinal="4" offset="22" sl="17" sc="13" el="17" ec="37" bec="0" bev="0" fileid="12" />
                <SequencePoint vc="0" uspid="96" ordinal="5" offset="33" sl="18" sc="9" el="18" ec="10" bec="0" bev="0" fileid="12" />
              </SequencePoints>
              <BranchPoints />
              <MethodPoint xsi:type="SequencePoint" vc="0" uspid="91" ordinal="0" offset="0" sl="13" sc="9" el="13" ec="40" bec="0" bev="0" fileid="12" />
            </Method>
            <Method visited="false" cyclomaticComplexity="1" nPathComplexity="0" sequenceCoverage="0" branchCoverage="0" crapScore="2" isConstructor="false" isStatic="false" isGetter="false" isSetter="false">
              <Summary numSequencePoints="4" visitedSequencePoints="0" numBranchPoints="1" visitedBranchPoints="0" sequenceCoverage="0" branchCoverage="0" maxCyclomaticComplexity="1" minCyclomaticComplexity="1" maxCrapScore="2" minCrapScore="2" visitedClasses="0" numClasses="0" visitedMethods="0" numMethods="1" />
              <MetadataToken>100663299</MetadataToken>
              <Name>System.Void Power_Point.CircleState::MouseDown(System.Int32,System.Int32)</Name>
              <FileRef uid="12" />
              <SequencePoints>
                <SequencePoint vc="0" uspid="97" ordinal="0" offset="0" sl="22" sc="9" el="22" ec="10" bec="0" bev="0" fileid="12" />
                <SequencePoint vc="0" uspid="98" ordinal="1" offset="1" sl="23" sc="13" el="23" ec="33" bec="0" bev="0" fileid="12" />
                <SequencePoint vc="0" uspid="99" ordinal="2" offset="8" sl="24" sc="13" el="24" ec="64" bec="0" bev="0" fileid="12" />
                <SequencePoint vc="0" uspid="100" ordinal="3" offset="23" sl="25" sc="9" el="25" ec="10" bec="0" bev="0" fileid="12" />
              </SequencePoints>
              <BranchPoints />
              <MethodPoint xsi:type="SequencePoint" vc="0" uspid="97" ordinal="0" offset="0" sl="22" sc="9" el="22" ec="10" bec="0" bev="0" fileid="12" />
            </Method>
          </Methods>
        </Class>
        <Class>
          <Summary numSequencePoints="10" visitedSequencePoints="0" numBranchPoints="2" visitedBranchPoints="0" sequenceCoverage="0" branchCoverage="0" maxCyclomaticComplexity="1" minCyclomaticComplexity="1" maxCrapScore="2" minCrapScore="2" visitedClasses="0" numClasses="1" visitedMethods="0" numMethods="2" />
          <FullName>Power_Point.RectangleState</FullName>
          <Methods>
            <Method visited="false" cyclomaticComplexity="1" nPathComplexity="0" sequenceCoverage="0" branchCoverage="0" crapScore="2" isConstructor="true" isStatic="false" isGetter="false" isSetter="false">
              <Summary numSequencePoints="6" visitedSequencePoints="0" numBranchPoints="1" visitedBranchPoints="0" sequenceCoverage="0" branchCoverage="0" maxCyclomaticComplexity="1" minCyclomaticComplexity="1" maxCrapScore="2" minCrapScore="2" visitedClasses="0" numClasses="0" visitedMethods="0" numMethods="1" />
              <MetadataToken>100663300</MetadataToken>
              <Name>System.Void Power_Point.RectangleState::.ctor(Power_Point.Model)</Name>
              <FileRef uid="13" />
              <SequencePoints>
                <SequencePoint vc="0" uspid="101" ordinal="0" offset="0" sl="13" sc="9" el="13" ec="43" bec="0" bev="0" fileid="13" />
                <SequencePoint vc="0" uspid="102" ordinal="1" offset="7" sl="14" sc="9" el="14" ec="10" bec="0" bev="0" fileid="13" />
                <SequencePoint vc="0" uspid="103" ordinal="2" offset="8" sl="15" sc="13" el="15" ec="33" bec="0" bev="0" fileid="13" />
                <SequencePoint vc="0" uspid="104" ordinal="3" offset="15" sl="16" sc="13" el="16" ec="34" bec="0" bev="0" fileid="13" />
                <SequencePoint vc="0" uspid="105" ordinal="4" offset="22" sl="17" sc="13" el="17" ec="37" bec="0" bev="0" fileid="13" />
                <SequencePoint vc="0" uspid="106" ordinal="5" offset="33" sl="18" sc="9" el="18" ec="10" bec="0" bev="0" fileid="13" />
              </SequencePoints>
              <BranchPoints />
              <MethodPoint xsi:type="SequencePoint" vc="0" uspid="101" ordinal="0" offset="0" sl="13" sc="9" el="13" ec="43" bec="0" bev="0" fileid="13" />
            </Method>
            <Method visited="false" cyclomaticComplexity="1" nPathComplexity="0" sequenceCoverage="0" branchCoverage="0" crapScore="2" isConstructor="false" isStatic="false" isGetter="false" isSetter="false">
              <Summary numSequencePoints="4" visitedSequencePoints="0" numBranchPoints="1" visitedBranchPoints="0" sequenceCoverage="0" branchCoverage="0" maxCyclomaticComplexity="1" minCyclomaticComplexity="1" maxCrapScore="2" minCrapScore="2" visitedClasses="0" numClasses="0" visitedMethods="0" numMethods="1" />
              <MetadataToken>100663301</MetadataToken>
              <Name>System.Void Power_Point.RectangleState::MouseDown(System.Int32,System.Int32)</Name>
              <FileRef uid="13" />
              <SequencePoints>
                <SequencePoint vc="0" uspid="107" ordinal="0" offset="0" sl="22" sc="9" el="22" ec="10" bec="0" bev="0" fileid="13" />
                <SequencePoint vc="0" uspid="108" ordinal="1" offset="1" sl="23" sc="13" el="23" ec="33" bec="0" bev="0" fileid="13" />
                <SequencePoint vc="0" uspid="109" ordinal="2" offset="8" sl="24" sc="13" el="24" ec="67" bec="0" bev="0" fileid="13" />
                <SequencePoint vc="0" uspid="110" ordinal="3" offset="23" sl="25" sc="9" el="25" ec="10" bec="0" bev="0" fileid="13" />
              </SequencePoints>
              <BranchPoints />
              <MethodPoint xsi:type="SequencePoint" vc="0" uspid="107" ordinal="0" offset="0" sl="22" sc="9" el="22" ec="10" bec="0" bev="0" fileid="13" />
            </Method>
          </Methods>
        </Class>
        <Class>
          <Summary numSequencePoints="10" visitedSequencePoints="0" numBranchPoints="2" visitedBranchPoints="0" sequenceCoverage="0" branchCoverage="0" maxCyclomaticComplexity="1" minCyclomaticComplexity="1" maxCrapScore="2" minCrapScore="2" visitedClasses="0" numClasses="1" visitedMethods="0" numMethods="2" />
          <FullName>Power_Point.LineState</FullName>
          <Methods>
            <Method visited="false" cyclomaticComplexity="1" nPathComplexity="0" sequenceCoverage="0" branchCoverage="0" crapScore="2" isConstructor="true" isStatic="false" isGetter="false" isSetter="false">
              <Summary numSequencePoints="6" visitedSequencePoints="0" numBranchPoints="1" visitedBranchPoints="0" sequenceCoverage="0" branchCoverage="0" maxCyclomaticComplexity="1" minCyclomaticComplexity="1" maxCrapScore="2" minCrapScore="2" visitedClasses="0" numClasses="0" visitedMethods="0" numMethods="1" />
              <MetadataToken>100663302</MetadataToken>
              <Name>System.Void Power_Point.LineState::.ctor(Power_Point.Model)</Name>
              <FileRef uid="14" />
              <SequencePoints>
                <SequencePoint vc="0" uspid="111" ordinal="0" offset="0" sl="13" sc="9" el="13" ec="38" bec="0" bev="0" fileid="14" />
                <SequencePoint vc="0" uspid="112" ordinal="1" offset="7" sl="14" sc="9" el="14" ec="10" bec="0" bev="0" fileid="14" />
                <SequencePoint vc="0" uspid="113" ordinal="2" offset="8" sl="15" sc="13" el="15" ec="33" bec="0" bev="0" fileid="14" />
                <SequencePoint vc="0" uspid="114" ordinal="3" offset="15" sl="16" sc="13" el="16" ec="34" bec="0" bev="0" fileid="14" />
                <SequencePoint vc="0" uspid="115" ordinal="4" offset="22" sl="17" sc="13" el="17" ec="37" bec="0" bev="0" fileid="14" />
                <SequencePoint vc="0" uspid="116" ordinal="5" offset="33" sl="18" sc="9" el="18" ec="10" bec="0" bev="0" fileid="14" />
              </SequencePoints>
              <BranchPoints />
              <MethodPoint xsi:type="SequencePoint" vc="0" uspid="111" ordinal="0" offset="0" sl="13" sc="9" el="13" ec="38" bec="0" bev="0" fileid="14" />
            </Method>
            <Method visited="false" cyclomaticComplexity="1" nPathComplexity="0" sequenceCoverage="0" branchCoverage="0" crapScore="2" isConstructor="false" isStatic="false" isGetter="false" isSetter="false">
              <Summary numSequencePoints="4" visitedSequencePoints="0" numBranchPoints="1" visitedBranchPoints="0" sequenceCoverage="0" branchCoverage="0" maxCyclomaticComplexity="1" minCyclomaticComplexity="1" maxCrapScore="2" minCrapScore="2" visitedClasses="0" numClasses="0" visitedMethods="0" numMethods="1" />
              <MetadataToken>100663303</MetadataToken>
              <Name>System.Void Power_Point.LineState::MouseDown(System.Int32,System.Int32)</Name>
              <FileRef uid="14" />
              <SequencePoints>
                <SequencePoint vc="0" uspid="117" ordinal="0" offset="0" sl="22" sc="9" el="22" ec="10" bec="0" bev="0" fileid="14" />
                <SequencePoint vc="0" uspid="118" ordinal="1" offset="1" sl="23" sc="13" el="23" ec="33" bec="0" bev="0" fileid="14" />
                <SequencePoint vc="0" uspid="119" ordinal="2" offset="8" sl="24" sc="13" el="24" ec="62" bec="0" bev="0" fileid="14" />
                <SequencePoint vc="0" uspid="120" ordinal="3" offset="23" sl="25" sc="9" el="25" ec="10" bec="0" bev="0" fileid="14" />
              </SequencePoints>
              <BranchPoints />
              <MethodPoint xsi:type="SequencePoint" vc="0" uspid="117" ordinal="0" offset="0" sl="22" sc="9" el="22" ec="10" bec="0" bev="0" fileid="14" />
            </Method>
          </Methods>
        </Class>
        <Class>
          <Summary numSequencePoints="25" visitedSequencePoints="0" numBranchPoints="11" visitedBranchPoints="0" sequenceCoverage="0" branchCoverage="0" maxCyclomaticComplexity="2" minCyclomaticComplexity="1" maxCrapScore="6" minCrapScore="2" visitedClasses="0" numClasses="1" visitedMethods="0" numMethods="5" />
          <FullName>Power_Point.DrawingState</FullName>
          <Methods>
            <Method visited="false" cyclomaticComplexity="1" nPathComplexity="0" sequenceCoverage="0" branchCoverage="0" crapScore="2" isConstructor="false" isStatic="false" isGetter="false" isSetter="false">
              <Summary numSequencePoints="3" visitedSequencePoints="0" numBranchPoints="1" visitedBranchPoints="0" sequenceCoverage="0" branchCoverage="0" maxCyclomaticComplexity="1" minCyclomaticComplexity="1" maxCrapScore="2" minCrapScore="2" visitedClasses="0" numClasses="0" visitedMethods="0" numMethods="1" />
              <MetadataToken>100663304</MetadataToken>
              <Name>System.String Power_Point.DrawingState::GetStateName()</Name>
              <FileRef uid="15" />
              <SequencePoints>
                <SequencePoint vc="0" uspid="121" ordinal="0" offset="0" sl="18" sc="9" el="18" ec="10" bec="0" bev="0" fileid="15" />
                <SequencePoint vc="0" uspid="122" ordinal="1" offset="1" sl="19" sc="13" el="19" ec="31" bec="0" bev="0" fileid="15" />
                <SequencePoint vc="0" uspid="123" ordinal="2" offset="10" sl="20" sc="9" el="20" ec="10" bec="0" bev="0" fileid="15" />
              </SequencePoints>
              <BranchPoints />
              <MethodPoint xsi:type="SequencePoint" vc="0" uspid="121" ordinal="0" offset="0" sl="18" sc="9" el="18" ec="10" bec="0" bev="0" fileid="15" />
            </Method>
            <Method visited="false" cyclomaticComplexity="2" nPathComplexity="2" sequenceCoverage="0" branchCoverage="0" crapScore="6" isConstructor="false" isStatic="false" isGetter="false" isSetter="false">
              <Summary numSequencePoints="6" visitedSequencePoints="0" numBranchPoints="3" visitedBranchPoints="0" sequenceCoverage="0" branchCoverage="0" maxCyclomaticComplexity="2" minCyclomaticComplexity="2" maxCrapScore="6" minCrapScore="6" visitedClasses="0" numClasses="0" visitedMethods="0" numMethods="1" />
              <MetadataToken>100663305</MetadataToken>
              <Name>System.Void Power_Point.DrawingState::MouseMove(System.Int32,System.Int32)</Name>
              <FileRef uid="15" />
              <SequencePoints>
                <SequencePoint vc="0" uspid="124" ordinal="0" offset="0" sl="24" sc="9" el="24" ec="10" bec="0" bev="0" fileid="15" />
                <SequencePoint vc="0" uspid="125" ordinal="1" offset="1" sl="25" sc="13" el="25" ec="30" bec="2" bev="0" fileid="15" />
                <SequencePoint vc="0" uspid="126" ordinal="2" offset="11" sl="26" sc="13" el="26" ec="14" bec="0" bev="0" fileid="15" />
                <SequencePoint vc="0" uspid="127" ordinal="3" offset="12" sl="27" sc="17" el="27" ec="57" bec="0" bev="0" fileid="15" />
                <SequencePoint vc="0" uspid="128" ordinal="4" offset="26" sl="28" sc="13" el="28" ec="14" bec="0" bev="0" fileid="15" />
                <SequencePoint vc="0" uspid="129" ordinal="5" offset="27" sl="29" sc="9" el="29" ec="10" bec="0" bev="0" fileid="15" />
              </SequencePoints>
              <BranchPoints>
                <BranchPoint vc="0" uspid="130" ordinal="0" offset="9" sl="25" path="0" offsetend="11" fileid="15" />
                <BranchPoint vc="0" uspid="131" ordinal="1" offset="9" sl="25" path="1" offsetend="27" fileid="15" />
              </BranchPoints>
              <MethodPoint xsi:type="SequencePoint" vc="0" uspid="124" ordinal="0" offset="0" sl="24" sc="9" el="24" ec="10" bec="0" bev="0" fileid="15" />
            </Method>
            <Method visited="false" cyclomaticComplexity="2" nPathComplexity="2" sequenceCoverage="0" branchCoverage="0" crapScore="6" isConstructor="false" isStatic="false" isGetter="false" isSetter="false">
              <Summary numSequencePoints="8" visitedSequencePoints="0" numBranchPoints="3" visitedBranchPoints="0" sequenceCoverage="0" branchCoverage="0" maxCyclomaticComplexity="2" minCyclomaticComplexity="2" maxCrapScore="6" minCrapScore="6" visitedClasses="0" numClasses="0" visitedMethods="0" numMethods="1" />
              <MetadataToken>100663306</MetadataToken>
              <Name>System.Void Power_Point.DrawingState::MouseUp(System.Int32,System.Int32)</Name>
              <FileRef uid="15" />
              <SequencePoints>
                <SequencePoint vc="0" uspid="132" ordinal="0" offset="0" sl="33" sc="9" el="33" ec="10" bec="0" bev="0" fileid="15" />
                <SequencePoint vc="0" uspid="133" ordinal="1" offset="1" sl="34" sc="13" el="34" ec="30" bec="2" bev="0" fileid="15" />
                <SequencePoint vc="0" uspid="134" ordinal="2" offset="11" sl="35" sc="13" el="35" ec="14" bec="0" bev="0" fileid="15" />
                <SequencePoint vc="0" uspid="135" ordinal="3" offset="12" sl="36" sc="17" el="36" ec="38" bec="0" bev="0" fileid="15" />
                <SequencePoint vc="0" uspid="136" ordinal="4" offset="19" sl="37" sc="17" el="37" ec="57" bec="0" bev="0" fileid="15" />
                <SequencePoint vc="0" uspid="137" ordinal="5" offset="33" sl="38" sc="17" el="38" ec="40" bec="0" bev="0" fileid="15" />
                <SequencePoint vc="0" uspid="138" ordinal="6" offset="51" sl="39" sc="13" el="39" ec="14" bec="0" bev="0" fileid="15" />
                <SequencePoint vc="0" uspid="139" ordinal="7" offset="52" sl="40" sc="9" el="40" ec="10" bec="0" bev="0" fileid="15" />
              </SequencePoints>
              <BranchPoints>
                <BranchPoint vc="0" uspid="140" ordinal="0" offset="9" sl="34" path="0" offsetend="11" fileid="15" />
                <BranchPoint vc="0" uspid="141" ordinal="1" offset="9" sl="34" path="1" offsetend="52" fileid="15" />
              </BranchPoints>
              <MethodPoint xsi:type="SequencePoint" vc="0" uspid="132" ordinal="0" offset="0" sl="33" sc="9" el="33" ec="10" bec="0" bev="0" fileid="15" />
            </Method>
            <Method visited="false" cyclomaticComplexity="1" nPathComplexity="0" sequenceCoverage="0" branchCoverage="0" crapScore="2" isConstructor="false" isStatic="false" isGetter="false" isSetter="false">
              <Summary numSequencePoints="2" visitedSequencePoints="0" numBranchPoints="1" visitedBranchPoints="0" sequenceCoverage="0" branchCoverage="0" maxCyclomaticComplexity="1" minCyclomaticComplexity="1" maxCrapScore="2" minCrapScore="2" visitedClasses="0" numClasses="0" visitedMethods="0" numMethods="1" />
              <MetadataToken>100663307</MetadataToken>
              <Name>System.Void Power_Point.DrawingState::KeyDown(System.String)</Name>
              <FileRef uid="15" />
              <SequencePoints>
                <SequencePoint vc="0" uspid="142" ordinal="0" offset="0" sl="44" sc="9" el="44" ec="10" bec="0" bev="0" fileid="15" />
                <SequencePoint vc="0" uspid="143" ordinal="1" offset="1" sl="45" sc="9" el="45" ec="10" bec="0" bev="0" fileid="15" />
              </SequencePoints>
              <BranchPoints />
              <MethodPoint xsi:type="SequencePoint" vc="0" uspid="142" ordinal="0" offset="0" sl="44" sc="9" el="44" ec="10" bec="0" bev="0" fileid="15" />
            </Method>
            <Method visited="false" cyclomaticComplexity="2" nPathComplexity="2" sequenceCoverage="0" branchCoverage="0" crapScore="6" isConstructor="false" isStatic="false" isGetter="false" isSetter="false">
              <Summary numSequencePoints="6" visitedSequencePoints="0" numBranchPoints="3" visitedBranchPoints="0" sequenceCoverage="0" branchCoverage="0" maxCyclomaticComplexity="2" minCyclomaticComplexity="2" maxCrapScore="6" minCrapScore="6" visitedClasses="0" numClasses="0" visitedMethods="0" numMethods="1" />
              <MetadataToken>100663308</MetadataToken>
              <Name>System.Void Power_Point.DrawingState::Draw(Power_Point.IGraphics)</Name>
              <FileRef uid="15" />
              <SequencePoints>
                <SequencePoint vc="0" uspid="144" ordinal="0" offset="0" sl="49" sc="9" el="49" ec="10" bec="0" bev="0" fileid="15" />
                <SequencePoint vc="0" uspid="145" ordinal="1" offset="1" sl="50" sc="13" el="50" ec="30" bec="2" bev="0" fileid="15" />
                <SequencePoint vc="0" uspid="146" ordinal="2" offset="11" sl="51" sc="13" el="51" ec="14" bec="0" bev="0" fileid="15" />
                <SequencePoint vc="0" uspid="147" ordinal="3" offset="12" sl="52" sc="17" el="52" ec="38" bec="0" bev="0" fileid="15" />
                <SequencePoint vc="0" uspid="148" ordinal="4" offset="25" sl="53" sc="13" el="53" ec="14" bec="0" bev="0" fileid="15" />
                <SequencePoint vc="0" uspid="149" ordinal="5" offset="26" sl="54" sc="9" el="54" ec="10" bec="0" bev="0" fileid="15" />
              </SequencePoints>
              <BranchPoints>
                <BranchPoint vc="0" uspid="150" ordinal="0" offset="9" sl="50" path="0" offsetend="11" fileid="15" />
                <BranchPoint vc="0" uspid="151" ordinal="1" offset="9" sl="50" path="1" offsetend="26" fileid="15" />
              </BranchPoints>
              <MethodPoint xsi:type="SequencePoint" vc="0" uspid="144" ordinal="0" offset="0" sl="49" sc="9" el="49" ec="10" bec="0" bev="0" fileid="15" />
            </Method>
            <Method visited="false" cyclomaticComplexity="1" nPathComplexity="0" sequenceCoverage="0" branchCoverage="0" crapScore="2" isConstructor="true" isStatic="false" isGetter="false" isSetter="false">
              <Summary numSequencePoints="0" visitedSequencePoints="0" numBranchPoints="0" visitedBranchPoints="0" sequenceCoverage="0" branchCoverage="0" maxCyclomaticComplexity="1" minCyclomaticComplexity="1" maxCrapScore="2" minCrapScore="2" visitedClasses="0" numClasses="0" visitedMethods="0" numMethods="0" />
              <MetadataToken>100663310</MetadataToken>
              <Name>System.Void Power_Point.DrawingState::.ctor()</Name>
              <SequencePoints />
              <BranchPoints />
              <MethodPoint vc="0" uspid="152" ordinal="0" offset="0" />
            </Method>
          </Methods>
        </Class>
        <Class>
          <Summary numSequencePoints="35" visitedSequencePoints="0" numBranchPoints="19" visitedBranchPoints="0" sequenceCoverage="0" branchCoverage="0" maxCyclomaticComplexity="3" minCyclomaticComplexity="1" maxCrapScore="12" minCrapScore="2" visitedClasses="0" numClasses="1" visitedMethods="0" numMethods="7" />
          <FullName>Power_Point.PointState</FullName>
          <Methods>
            <Method visited="false" cyclomaticComplexity="1" nPathComplexity="0" sequenceCoverage="0" branchCoverage="0" crapScore="2" isConstructor="true" isStatic="false" isGetter="false" isSetter="false">
              <Summary numSequencePoints="6" visitedSequencePoints="0" numBranchPoints="1" visitedBranchPoints="0" sequenceCoverage="0" branchCoverage="0" maxCyclomaticComplexity="1" minCyclomaticComplexity="1" maxCrapScore="2" minCrapScore="2" visitedClasses="0" numClasses="0" visitedMethods="0" numMethods="1" />
              <MetadataToken>100663311</MetadataToken>
              <Name>System.Void Power_Point.PointState::.ctor(Power_Point.Model)</Name>
              <FileRef uid="16" />
              <SequencePoints>
                <SequencePoint vc="0" uspid="153" ordinal="0" offset="0" sl="17" sc="9" el="17" ec="39" bec="0" bev="0" fileid="16" />
                <SequencePoint vc="0" uspid="154" ordinal="1" offset="7" sl="18" sc="9" el="18" ec="10" bec="0" bev="0" fileid="16" />
                <SequencePoint vc="0" uspid="155" ordinal="2" offset="8" sl="19" sc="13" el="19" ec="33" bec="0" bev="0" fileid="16" />
                <SequencePoint vc="0" uspid="156" ordinal="3" offset="15" sl="20" sc="13" el="20" ec="39" bec="0" bev="0" fileid="16" />
                <SequencePoint vc="0" uspid="157" ordinal="4" offset="22" sl="21" sc="13" el="21" ec="38" bec="0" bev="0" fileid="16" />
                <SequencePoint vc="0" uspid="158" ordinal="5" offset="29" sl="22" sc="9" el="22" ec="10" bec="0" bev="0" fileid="16" />
              </SequencePoints>
              <BranchPoints />
              <MethodPoint xsi:type="SequencePoint" vc="0" uspid="153" ordinal="0" offset="0" sl="17" sc="9" el="17" ec="39" bec="0" bev="0" fileid="16" />
            </Method>
            <Method visited="false" cyclomaticComplexity="1" nPathComplexity="0" sequenceCoverage="0" branchCoverage="0" crapScore="2" isConstructor="false" isStatic="false" isGetter="false" isSetter="false">
              <Summary numSequencePoints="3" visitedSequencePoints="0" numBranchPoints="1" visitedBranchPoints="0" sequenceCoverage="0" branchCoverage="0" maxCyclomaticComplexity="1" minCyclomaticComplexity="1" maxCrapScore="2" minCrapScore="2" visitedClasses="0" numClasses="0" visitedMethods="0" numMethods="1" />
              <MetadataToken>100663312</MetadataToken>
              <Name>System.String Power_Point.PointState::GetStateName()</Name>
              <FileRef uid="16" />
              <SequencePoints>
                <SequencePoint vc="0" uspid="159" ordinal="0" offset="0" sl="26" sc="9" el="26" ec="10" bec="0" bev="0" fileid="16" />
                <SequencePoint vc="0" uspid="160" ordinal="1" offset="1" sl="27" sc="13" el="27" ec="31" bec="0" bev="0" fileid="16" />
                <SequencePoint vc="0" uspid="161" ordinal="2" offset="9" sl="28" sc="9" el="28" ec="10" bec="0" bev="0" fileid="16" />
              </SequencePoints>
              <BranchPoints />
              <MethodPoint xsi:type="SequencePoint" vc="0" uspid="159" ordinal="0" offset="0" sl="26" sc="9" el="26" ec="10" bec="0" bev="0" fileid="16" />
            </Method>
            <Method visited="false" cyclomaticComplexity="1" nPathComplexity="0" sequenceCoverage="0" branchCoverage="0" crapScore="2" isConstructor="false" isStatic="false" isGetter="false" isSetter="false">
              <Summary numSequencePoints="4" visitedSequencePoints="0" numBranchPoints="1" visitedBranchPoints="0" sequenceCoverage="0" branchCoverage="0" maxCyclomaticComplexity="1" minCyclomaticComplexity="1" maxCrapScore="2" minCrapScore="2" visitedClasses="0" numClasses="0" visitedMethods="0" numMethods="1" />
              <MetadataToken>100663313</MetadataToken>
              <Name>System.Void Power_Point.PointState::MouseDown(System.Int32,System.Int32)</Name>
              <FileRef uid="16" />
              <SequencePoints>
                <SequencePoint vc="0" uspid="162" ordinal="0" offset="0" sl="32" sc="9" el="32" ec="10" bec="0" bev="0" fileid="16" />
                <SequencePoint vc="0" uspid="163" ordinal="1" offset="1" sl="33" sc="13" el="33" ec="33" bec="0" bev="0" fileid="16" />
                <SequencePoint vc="0" uspid="164" ordinal="2" offset="8" sl="34" sc="13" el="34" ec="65" bec="0" bev="0" fileid="16" />
                <SequencePoint vc="0" uspid="165" ordinal="3" offset="27" sl="35" sc="9" el="35" ec="10" bec="0" bev="0" fileid="16" />
              </SequencePoints>
              <BranchPoints />
              <MethodPoint xsi:type="SequencePoint" vc="0" uspid="162" ordinal="0" offset="0" sl="32" sc="9" el="32" ec="10" bec="0" bev="0" fileid="16" />
            </Method>
            <Method visited="false" cyclomaticComplexity="3" nPathComplexity="4" sequenceCoverage="0" branchCoverage="0" crapScore="12" isConstructor="false" isStatic="false" isGetter="false" isSetter="false">
              <Summary numSequencePoints="6" visitedSequencePoints="0" numBranchPoints="5" visitedBranchPoints="0" sequenceCoverage="0" branchCoverage="0" maxCyclomaticComplexity="3" minCyclomaticComplexity="3" maxCrapScore="12" minCrapScore="12" visitedClasses="0" numClasses="0" visitedMethods="0" numMethods="1" />
              <MetadataToken>100663314</MetadataToken>
              <Name>System.Void Power_Point.PointState::MouseMove(System.Int32,System.Int32)</Name>
              <FileRef uid="16" />
              <SequencePoints>
                <SequencePoint vc="0" uspid="166" ordinal="0" offset="0" sl="39" sc="9" el="39" ec="10" bec="0" bev="0" fileid="16" />
                <SequencePoint vc="0" uspid="167" ordinal="1" offset="1" sl="40" sc="13" el="40" ec="53" bec="4" bev="0" fileid="16" />
                <SequencePoint vc="0" uspid="168" ordinal="2" offset="28" sl="41" sc="13" el="41" ec="14" bec="0" bev="0" fileid="16" />
                <SequencePoint vc="0" uspid="169" ordinal="3" offset="29" sl="42" sc="17" el="42" ec="66" bec="0" bev="0" fileid="16" />
                <SequencePoint vc="0" uspid="170" ordinal="4" offset="49" sl="43" sc="13" el="43" ec="14" bec="0" bev="0" fileid="16" />
                <SequencePoint vc="0" uspid="171" ordinal="5" offset="50" sl="44" sc="9" el="44" ec="10" bec="0" bev="0" fileid="16" />
              </SequencePoints>
              <BranchPoints>
                <BranchPoint vc="0" uspid="172" ordinal="0" offset="7" sl="40" path="0" offsetend="9" fileid="16" />
                <BranchPoint vc="0" uspid="173" ordinal="1" offset="7" sl="40" path="1" offsetend="23" fileid="16" />
                <BranchPoint vc="0" uspid="174" ordinal="2" offset="26" sl="40" path="0" offsetend="28" fileid="16" />
                <BranchPoint vc="0" uspid="175" ordinal="3" offset="26" sl="40" path="1" offsetend="50" fileid="16" />
              </BranchPoints>
              <MethodPoint xsi:type="SequencePoint" vc="0" uspid="166" ordinal="0" offset="0" sl="39" sc="9" el="39" ec="10" bec="0" bev="0" fileid="16" />
            </Method>
            <Method visited="false" cyclomaticComplexity="3" nPathComplexity="4" sequenceCoverage="0" branchCoverage="0" crapScore="12" isConstructor="false" isStatic="false" isGetter="false" isSetter="false">
              <Summary numSequencePoints="7" visitedSequencePoints="0" numBranchPoints="5" visitedBranchPoints="0" sequenceCoverage="0" branchCoverage="0" maxCyclomaticComplexity="3" minCyclomaticComplexity="3" maxCrapScore="12" minCrapScore="12" visitedClasses="0" numClasses="0" visitedMethods="0" numMethods="1" />
              <MetadataToken>100663315</MetadataToken>
              <Name>System.Void Power_Point.PointState::MouseUp(System.Int32,System.Int32)</Name>
              <FileRef uid="16" />
              <SequencePoints>
                <SequencePoint vc="0" uspid="176" ordinal="0" offset="0" sl="48" sc="9" el="48" ec="10" bec="0" bev="0" fileid="16" />
                <SequencePoint vc="0" uspid="177" ordinal="1" offset="1" sl="49" sc="13" el="49" ec="53" bec="4" bev="0" fileid="16" />
                <SequencePoint vc="0" uspid="178" ordinal="2" offset="28" sl="50" sc="13" el="50" ec="14" bec="0" bev="0" fileid="16" />
                <SequencePoint vc="0" uspid="179" ordinal="3" offset="29" sl="51" sc="17" el="51" ec="66" bec="0" bev="0" fileid="16" />
                <SequencePoint vc="0" uspid="180" ordinal="4" offset="49" sl="52" sc="13" el="52" ec="14" bec="0" bev="0" fileid="16" />
                <SequencePoint vc="0" uspid="181" ordinal="5" offset="50" sl="53" sc="13" el="53" ec="34" bec="0" bev="0" fileid="16" />
                <SequencePoint vc="0" uspid="182" ordinal="6" offset="57" sl="54" sc="9" el="54" ec="10" bec="0" bev="0" fileid="16" />
              </SequencePoints>
              <BranchPoints>
                <BranchPoint vc="0" uspid="183" ordinal="0" offset="7" sl="49" path="0" offsetend="9" fileid="16" />
                <BranchPoint vc="0" uspid="184" ordinal="1" offset="7" sl="49" path="1" offsetend="23" fileid="16" />
                <BranchPoint vc="0" uspid="185" ordinal="2" offset="26" sl="49" path="0" offsetend="28" fileid="16" />
                <BranchPoint vc="0" uspid="186" ordinal="3" offset="26" sl="49" path="1" offsetend="50" fileid="16" />
              </BranchPoints>
              <MethodPoint xsi:type="SequencePoint" vc="0" uspid="176" ordinal="0" offset="0" sl="48" sc="9" el="48" ec="10" bec="0" bev="0" fileid="16" />
            </Method>
            <Method visited="false" cyclomaticComplexity="3" nPathComplexity="4" sequenceCoverage="0" branchCoverage="0" crapScore="12" isConstructor="false" isStatic="false" isGetter="false" isSetter="false">
              <Summary numSequencePoints="7" visitedSequencePoints="0" numBranchPoints="5" visitedBranchPoints="0" sequenceCoverage="0" branchCoverage="0" maxCyclomaticComplexity="3" minCyclomaticComplexity="3" maxCrapScore="12" minCrapScore="12" visitedClasses="0" numClasses="0" visitedMethods="0" numMethods="1" />
              <MetadataToken>100663316</MetadataToken>
              <Name>System.Void Power_Point.PointState::KeyDown(System.String)</Name>
              <FileRef uid="16" />
              <SequencePoints>
                <SequencePoint vc="0" uspid="187" ordinal="0" offset="0" sl="58" sc="9" el="58" ec="10" bec="0" bev="0" fileid="16" />
                <SequencePoint vc="0" uspid="188" ordinal="1" offset="1" sl="59" sc="13" el="59" ec="37" bec="2" bev="0" fileid="16" />
                <SequencePoint vc="0" uspid="189" ordinal="2" offset="17" sl="60" sc="13" el="60" ec="14" bec="0" bev="0" fileid="16" />
                <SequencePoint vc="0" uspid="190" ordinal="3" offset="18" sl="61" sc="17" el="61" ec="39" bec="2" bev="0" fileid="16" />
                <SequencePoint vc="0" uspid="191" ordinal="4" offset="33" sl="62" sc="21" el="62" ec="56" bec="0" bev="0" fileid="16" />
                <SequencePoint vc="0" uspid="192" ordinal="5" offset="51" sl="63" sc="13" el="63" ec="14" bec="0" bev="0" fileid="16" />
                <SequencePoint vc="0" uspid="193" ordinal="6" offset="52" sl="64" sc="9" el="64" ec="10" bec="0" bev="0" fileid="16" />
              </SequencePoints>
              <BranchPoints>
                <BranchPoint vc="0" uspid="194" ordinal="0" offset="15" sl="59" path="0" offsetend="17" fileid="16" />
                <BranchPoint vc="0" uspid="195" ordinal="1" offset="15" sl="59" path="1" offsetend="52" fileid="16" />
                <BranchPoint vc="0" uspid="196" ordinal="2" offset="31" sl="61" path="0" offsetend="33" fileid="16" />
                <BranchPoint vc="0" uspid="197" ordinal="3" offset="31" sl="61" path="1" offsetend="51" fileid="16" />
              </BranchPoints>
              <MethodPoint xsi:type="SequencePoint" vc="0" uspid="187" ordinal="0" offset="0" sl="58" sc="9" el="58" ec="10" bec="0" bev="0" fileid="16" />
            </Method>
            <Method visited="false" cyclomaticComplexity="1" nPathComplexity="0" sequenceCoverage="0" branchCoverage="0" crapScore="2" isConstructor="false" isStatic="false" isGetter="false" isSetter="false">
              <Summary numSequencePoints="2" visitedSequencePoints="0" numBranchPoints="1" visitedBranchPoints="0" sequenceCoverage="0" branchCoverage="0" maxCyclomaticComplexity="1" minCyclomaticComplexity="1" maxCrapScore="2" minCrapScore="2" visitedClasses="0" numClasses="0" visitedMethods="0" numMethods="1" />
              <MetadataToken>100663317</MetadataToken>
              <Name>System.Void Power_Point.PointState::Draw(Power_Point.IGraphics)</Name>
              <FileRef uid="16" />
              <SequencePoints>
                <SequencePoint vc="0" uspid="198" ordinal="0" offset="0" sl="68" sc="9" el="68" ec="10" bec="0" bev="0" fileid="16" />
                <SequencePoint vc="0" uspid="199" ordinal="1" offset="1" sl="69" sc="9" el="69" ec="10" bec="0" bev="0" fileid="16" />
              </SequencePoints>
              <BranchPoints />
              <MethodPoint xsi:type="SequencePoint" vc="0" uspid="198" ordinal="0" offset="0" sl="68" sc="9" el="68" ec="10" bec="0" bev="0" fileid="16" />
            </Method>
[...]
              <MetadataToken>100663402</MetadataToken>
              <Name>System.Void Power_Point.FormPresentationModel::CanvasPressed(System.Int32,System.Int32)</Name>
              <FileRef uid="26" />
              <SequencePoints>
                <SequencePoint vc="0" uspid="770" ordinal="0" offset="0" sl="71" sc="9" el="71" ec="10" bec="0" bev="0" fileid="26" />
                <SequencePoint vc="0" uspid="771" ordinal="1" offset="1" sl="72" sc="13" el="72" ec="50" bec="0" bev="0" fileid="26" />
                <SequencePoint vc="0" uspid="772" ordinal="2" offset="15" sl="73" sc="9" el="73" ec="10" bec="0" bev="0" fileid="26" />
              </SequencePoints>
              <BranchPoints />
              <MethodPoint xsi:type="SequencePoint" vc="0" uspid="770" ordinal="0" offset="0" sl="71" sc="9" el="71" ec="10" bec="0" bev="0" fileid="26" />
            </Method>
            <Method visited="false" cyclomaticComplexity="1" nPathComplexity="0" sequenceCoverage="0" branchCoverage="0" crapScore="2" isConstructor="false" isStatic="false" isGetter="false" isSetter="false">
              <Summary numSequencePoints="3" visitedSequencePoints="0" numBranchPoints="1" visitedBranchPoints="0" sequenceCoverage="0" branchCoverage="0" maxCyclomaticComplexity="1" minCyclomaticComplexity="1" maxCrapScore="2" minCrapScore="2" visitedClasses="0" numClasses="0" visitedMethods="0" numMethods="1" />
              <MetadataToken>100663403</MetadataToken>
              <Name>System.Void Power_Point.FormPresentationModel::CanvasReleased(System.Int32,System.Int32)</Name>
              <FileRef uid="26" />
              <SequencePoints>
                <SequencePoint vc="0" uspid="773" ordinal="0" offset="0" sl="77" sc="9" el="77" ec="10" bec="0" bev="0" fileid="26" />
                <SequencePoint vc="0" uspid="774" ordinal="1" offset="1" sl="78" sc="13" el="78" ec="51" bec="0" bev="0" fileid="26" />
                <SequencePoint vc="0" uspid="775" ordinal="2" offset="15" sl="79" sc="9" el="79" ec="10" bec="0" bev="0" fileid="26" />
              </SequencePoints>
              <BranchPoints />
              <MethodPoint xsi:type="SequencePoint" vc="0" uspid="773" ordinal="0" offset="0" sl="77" sc="9" el="77" ec="10" bec="0" bev="0" fileid="26" />
            </Method>
            <Method visited="false" cyclomaticComplexity="1" nPathComplexity="0" sequenceCoverage="0" branchCoverage="0" crapScore="2" isConstructor="false" isStatic="false" isGetter="false" isSetter="false">
              <Summary numSequencePoints="3" visitedSequencePoints="0" numBranchPoints="1" visitedBranchPoints="0" sequenceCoverage="0" branchCoverage="0" maxCyclomaticComplexity="1" minCyclomaticComplexity="1" maxCrapScore="2" minCrapScore="2" visitedClasses="0" numClasses="0" visitedMethods="0" numMethods="1" />
              <MetadataToken>100663404</MetadataToken>
              <Name>System.Void Power_Point.FormPresentationModel::CanvasMoved(System.Int32,System.Int32)</Name>
              <FileRef uid="26" />
              <SequencePoints>
                <SequencePoint vc="0" uspid="776" ordinal="0" offset="0" sl="83" sc="9" el="83" ec="10" bec="0" bev="0" fileid="26" />
                <SequencePoint vc="0" uspid="777" ordinal="1" offset="1" sl="84" sc="13" el="84" ec="48" bec="0" bev="0" fileid="26" />
                <SequencePoint vc="0" uspid="778" ordinal="2" offset="15" sl="85" sc="9" el="85" ec="10" bec="0" bev="0" fileid="26" />
              </SequencePoints>
              <BranchPoints />
              <MethodPoint xsi:type="SequencePoint" vc="0" uspid="776" ordinal="0" offset="0" sl="83" sc="9" el="83" ec="10" bec="0" bev="0" fileid="26" />
            </Method>
            <Method visited="false" cyclomaticComplexity="1" nPathComplexity="0" sequenceCoverage="0" branchCoverage="0" crapScore="2" isConstructor="false" isStatic="false" isGetter="false" isSetter="false">
              <Summary numSequencePoints="3" visitedSequencePoints="0" numBranchPoints="1" visitedBranchPoints="0" sequenceCoverage="0" branchCoverage="0" maxCyclomaticComplexity="1" minCyclomaticComplexity="1" maxCrapScore="2" minCrapScore="2" visitedClasses="0" numClasses="0" visitedMethods="0" numMethods="1" />
              <MetadataToken>100663405</MetadataToken>
              <Name>System.Void Power_Point.FormPresentationModel::Draw(System.Drawing.Graphics)</Name>
              <FileRef uid="26" />
              <SequencePoints>
                <SequencePoint vc="0" uspid="779" ordinal="0" offset="0" sl="89" sc="9" el="89" ec="10" bec="0" bev="0" fileid="26" />
                <SequencePoint vc="0" uspid="780" ordinal="1" offset="1" sl="93" sc="13" el="93" ec="60" bec="0" bev="0" fileid="26" />
                <SequencePoint vc="0" uspid="781" ordinal="2" offset="19" sl="94" sc="9" el="94" ec="10" bec="0" bev="0" fileid="26" />
              </SequencePoints>
              <BranchPoints />
              <MethodPoint xsi:type="SequencePoint" vc="0" uspid="779" ordinal="0" offset="0" sl="89" sc="9" el="89" ec="10" bec="0" bev="0" fileid="26" />
            </Method>
          </Methods>
        </Class>
        <Class>
          <Summary numSequencePoints="6" visitedSequencePoints="0" numBranchPoints="1" visitedBranchPoints="0" sequenceCoverage="0" branchCoverage="0" maxCyclomaticComplexity="1" minCyclomaticComplexity="1" maxCrapScore="2" minCrapScore="2" visitedClasses="0" numClasses="1" visitedMethods="0" numMethods="1" />
          <FullName>Power_Point.Program</FullName>
          <Methods>
            <Method visited="false" cyclomaticComplexity="1" nPathComplexity="0" sequenceCoverage="0" branchCoverage="0" crapScore="2" isConstructor="false" isStatic="true" isGetter="false" isSetter="false">
              <Summary numSequencePoints="6" visitedSequencePoints="0" numBranchPoints="1" visitedBranchPoints="0" sequenceCoverage="0" branchCoverage="0" maxCyclomaticComplexity="1" minCyclomaticComplexity="1" maxCrapScore="2" minCrapScore="2" visitedClasses="0" numClasses="0" visitedMethods="0" numMethods="1" />
              <MetadataToken>100663406</MetadataToken>
              <Name>System.Void Power_Point.Program::Main()</Name>
              <FileRef uid="27" />
              <SequencePoints>
                <SequencePoint vc="0" uspid="782" ordinal="0" offset="0" sl="16" sc="9" el="16" ec="10" bec="0" bev="0" fileid="27" />
                <SequencePoint vc="0" uspid="783" ordinal="1" offset="1" sl="17" sc="13" el="17" ec="46" bec="0" bev="0" fileid="27" />
                <SequencePoint vc="0" uspid="784" ordinal="2" offset="7" sl="18" sc="13" el="18" ec="66" bec="0" bev="0" fileid="27" />
                <SequencePoint vc="0" uspid="785" ordinal="3" offset="14" sl="19" sc="13" el="19" ec="39" bec="0" bev="0" fileid="27" />
                <SequencePoint vc="0" uspid="786" ordinal="4" offset="20" sl="20" sc="13" el="20" ec="81" bec="0" bev="0" fileid="27" />
                <SequencePoint vc="0" uspid="787" ordinal="5" offset="38" sl="21" sc="9" el="21" ec="10" bec="0" bev="0" fileid="27" />
              </SequencePoints>
              <BranchPoints />
              <MethodPoint xsi:type="SequencePoint" vc="0" uspid="782" ordinal="0" offset="0" sl="16" sc="9" el="16" ec="10" bec="0" bev="0" fileid="27" />
            </Method>
          </Methods>
        </Class>
        <Class>
          <Summary numSequencePoints="32" visitedSequencePoints="0" numBranchPoints="25" visitedBranchPoints="0" sequenceCoverage="0" branchCoverage="0" maxCyclomaticComplexity="5" minCyclomaticComplexity="1" maxCrapScore="30" minCrapScore="2" visitedClasses="0" numClasses="1" visitedMethods="0" numMethods="5" />
          <FullName>Power_Point.FormGraphicsAdapter</FullName>
          <Methods>
            <Method visited="false" cyclomaticComplexity="1" nPathComplexity="0" sequenceCoverage="0" branchCoverage="0" crapScore="2" isConstructor="true" isStatic="false" isGetter="false" isSetter="false">
              <Summary numSequencePoints="4" visitedSequencePoints="0" numBranchPoints="1" visitedBranchPoints="0" sequenceCoverage="0" branchCoverage="0" maxCyclomaticComplexity="1" minCyclomaticComplexity="1" maxCrapScore="2" minCrapScore="2" visitedClasses="0" numClasses="0" visitedMethods="0" numMethods="1" />
              <MetadataToken>100663407</MetadataToken>
              <Name>System.Void Power_Point.FormGraphicsAdapter::.ctor(System.Drawing.Graphics)</Name>
              <FileRef uid="28" />
              <SequencePoints>
                <SequencePoint vc="0" uspid="788" ordinal="0" offset="0" sl="18" sc="9" el="18" ec="54" bec="0" bev="0" fileid="28" />
                <SequencePoint vc="0" uspid="789" ordinal="1" offset="7" sl="19" sc="9" el="19" ec="10" bec="0" bev="0" fileid="28" />
                <SequencePoint vc="0" uspid="790" ordinal="2" offset="8" sl="20" sc="13" el="20" ec="39" bec="0" bev="0" fileid="28" />
                <SequencePoint vc="0" uspid="791" ordinal="3" offset="15" sl="21" sc="9" el="21" ec="10" bec="0" bev="0" fileid="28" />
              </SequencePoints>
              <BranchPoints />
              <MethodPoint xsi:type="SequencePoint" vc="0" uspid="788" ordinal="0" offset="0" sl="18" sc="9" el="18" ec="54" bec="0" bev="0" fileid="28" />
            </Method>
            <Method visited="false" cyclomaticComplexity="1" nPathComplexity="0" sequenceCoverage="0" branchCoverage="0" crapScore="2" isConstructor="false" isStatic="false" isGetter="false" isSetter="false">
              <Summary numSequencePoints="2" visitedSequencePoints="0" numBranchPoints="1" visitedBranchPoints="0" sequenceCoverage="0" branchCoverage="0" maxCyclomaticComplexity="1" minCyclomaticComplexity="1" maxCrapScore="2" minCrapScore="2" visitedClasses="0" numClasses="0" visitedMethods="0" numMethods="1" />
              <MetadataToken>100663408</MetadataToken>
              <Name>System.Void Power_Point.FormGraphicsAdapter::ClearAll()</Name>
              <FileRef uid="28" />
              <SequencePoints>
                <SequencePoint vc="0" uspid="792" ordinal="0" offset="0" sl="25" sc="9" el="25" ec="10" bec="0" bev="0" fileid="28" />
                <SequencePoint vc="0" uspid="793" ordinal="1" offset="1" sl="26" sc="9" el="26" ec="10" bec="0" bev="0" fileid="28" />
              </SequencePoints>
              <BranchPoints />
              <MethodPoint xsi:type="SequencePoint" vc="0" uspid="792" ordinal="0" offset="0" sl="25" sc="9" el="25" ec="10" bec="0" bev="0" fileid="28" />
            </Method>
            <Method visited="false" cyclomaticComplexity="3" nPathComplexity="4" sequenceCoverage="0" branchCoverage="0" crapScore="12" isConstructor="false" isStatic="false" isGetter="false" isSetter="false">
              <Summary numSequencePoints="8" visitedSequencePoints="0" numBranchPoints="5" visitedBranchPoints="0" sequenceCoverage="0" branchCoverage="0" maxCyclomaticComplexity="3" minCyclomaticComplexity="3" maxCrapScore="12" minCrapScore="12" visitedClasses="0" numClasses="0" visitedMethods="0" numMethods="1" />
              <MetadataToken>100663409</MetadataToken>
              <Name>System.Void Power_Point.FormGraphicsAdapter::DrawLine(System.Int32,System.Int32,System.Int32,System.Int32,System.String)</Name>
              <FileRef uid="28" />
              <SequencePoints>
                <SequencePoint vc="0" uspid="794" ordinal="0" offset="0" sl="30" sc="9" el="30" ec="10" bec="0" bev="0" fileid="28" />
                <SequencePoint vc="0" uspid="795" ordinal="1" offset="1" sl="31" sc="13" el="31" ec="32" bec="0" bev="0" fileid="28" />
                <SequencePoint vc="0" uspid="796" ordinal="2" offset="7" sl="32" sc="13" el="32" ec="32" bec="2" bev="0" fileid="28" />
                <SequencePoint vc="0" uspid="797" ordinal="3" offset="23" sl="33" sc="17" el="33" ec="34" bec="0" bev="0" fileid="28" />
                <SequencePoint vc="0" uspid="798" ordinal="4" offset="31" sl="34" sc="18" el="34" ec="36" bec="2" bev="0" fileid="28" />
                <SequencePoint vc="0" uspid="799" ordinal="5" offset="47" sl="35" sc="17" el="35" ec="33" bec="0" bev="0" fileid="28" />
                <SequencePoint vc="0" uspid="800" ordinal="6" offset="53" sl="37" sc="13" el="37" ec="53" bec="0" bev="0" fileid="28" />
                <SequencePoint vc="0" uspid="801" ordinal="7" offset="71" sl="38" sc="9" el="38" ec="10" bec="0" bev="0" fileid="28" />
              </SequencePoints>
              <BranchPoints>
                <BranchPoint vc="0" uspid="802" ordinal="0" offset="21" sl="32" path="0" offsetend="23" fileid="28" />
                <BranchPoint vc="0" uspid="803" ordinal="1" offset="21" sl="32" path="1" offsetend="31" fileid="28" />
                <BranchPoint vc="0" uspid="804" ordinal="2" offset="45" sl="34" path="0" offsetend="47" fileid="28" />
                <BranchPoint vc="0" uspid="805" ordinal="3" offset="45" sl="34" path="1" offsetend="53" fileid="28" />
              </BranchPoints>
              <MethodPoint xsi:type="SequencePoint" vc="0" uspid="794" ordinal="0" offset="0" sl="30" sc="9" el="30" ec="10" bec="0" bev="0" fileid="28" />
            </Method>
            <Method visited="false" cyclomaticComplexity="5" nPathComplexity="16" sequenceCoverage="0" branchCoverage="0" crapScore="30" isConstructor="false" isStatic="false" isGetter="false" isSetter="false">
              <Summary numSequencePoints="9" visitedSequencePoints="0" numBranchPoints="9" visitedBranchPoints="0" sequenceCoverage="0" branchCoverage="0" maxCyclomaticComplexity="5" minCyclomaticComplexity="5" maxCrapScore="30" minCrapScore="30" visitedClasses="0" numClasses="0" visitedMethods="0" numMethods="1" />
              <MetadataToken>100663410</MetadataToken>
              <Name>System.Void Power_Point.FormGraphicsAdapter::DrawRectangle(System.Int32,System.Int32,System.Int32,System.Int32,System.String)</Name>
              <FileRef uid="28" />
              <SequencePoints>
                <SequencePoint vc="0" uspid="806" ordinal="0" offset="0" sl="42" sc="9" el="42" ec="10" bec="0" bev="0" fileid="28" />
                <SequencePoint vc="0" uspid="807" ordinal="1" offset="1" sl="43" sc="13" el="43" ec="32" bec="0" bev="0" fileid="28" />
                <SequencePoint vc="0" uspid="808" ordinal="2" offset="7" sl="44" sc="13" el="44" ec="32" bec="2" bev="0" fileid="28" />
                <SequencePoint vc="0" uspid="809" ordinal="3" offset="23" sl="45" sc="17" el="45" ec="34" bec="0" bev="0" fileid="28" />
                <SequencePoint vc="0" uspid="810" ordinal="4" offset="31" sl="46" sc="18" el="46" ec="36" bec="2" bev="0" fileid="28" />
                <SequencePoint vc="0" uspid="811" ordinal="5" offset="47" sl="47" sc="17" el="47" ec="33" bec="0" bev="0" fileid="28" />
                <SequencePoint vc="0" uspid="812" ordinal="6" offset="53" sl="49" sc="13" el="49" ec="41" bec="4" bev="0" fileid="28" />
                <SequencePoint vc="0" uspid="813" ordinal="7" offset="72" sl="50" sc="17" el="51" ec="59" bec="0" bev="0" fileid="28" />
                <SequencePoint vc="0" uspid="814" ordinal="8" offset="117" sl="52" sc="9" el="52" ec="10" bec="0" bev="0" fileid="28" />
              </SequencePoints>
              <BranchPoints>
                <BranchPoint vc="0" uspid="815" ordinal="0" offset="21" sl="44" path="0" offsetend="23" fileid="28" />
                <BranchPoint vc="0" uspid="816" ordinal="1" offset="21" sl="44" path="1" offsetend="31" fileid="28" />
                <BranchPoint vc="0" uspid="817" ordinal="2" offset="45" sl="46" path="0" offsetend="47" fileid="28" />
                <BranchPoint vc="0" uspid="818" ordinal="3" offset="45" sl="46" path="1" offsetend="53" fileid="28" />
                <BranchPoint vc="0" uspid="819" ordinal="4" offset="55" sl="49" path="0" offsetend="57" fileid="28" />
                <BranchPoint vc="0" uspid="820" ordinal="5" offset="55" sl="49" path="1" offsetend="67" fileid="28" />
                <BranchPoint vc="0" uspid="821" ordinal="6" offset="70" sl="49" path="0" offsetend="72" fileid="28" />
                <BranchPoint vc="0" uspid="822" ordinal="7" offset="70" sl="49" path="1" offsetend="117" fileid="28" />
              </BranchPoints>
              <MethodPoint xsi:type="SequencePoint" vc="0" uspid="806" ordinal="0" offset="0" sl="42" sc="9" el="42" ec="10" bec="0" bev="0" fileid="28" />
            </Method>
            <Method visited="false" cyclomaticComplexity="5" nPathComplexity="16" sequenceCoverage="0" branchCoverage="0" crapScore="30" isConstructor="false" isStatic="false" isGetter="false" isSetter="false">
              <Summary numSequencePoints="9" visitedSequencePoints="0" numBranchPoints="9" visitedBranchPoints="0" sequenceCoverage="0" branchCoverage="0" maxCyclomaticComplexity="5" minCyclomaticComplexity="5" maxCrapScore="30" minCrapScore="30" visitedClasses="0" numClasses="0" visitedMethods="0" numMethods="1" />
              <MetadataToken>100663411</MetadataToken>
              <Name>System.Void Power_Point.FormGraphicsAdapter::DrawCircle(System.Int32,System.Int32,System.Int32,System.Int32,System.String)</Name>
              <FileRef uid="28" />
              <SequencePoints>
                <SequencePoint vc="0" uspid="823" ordinal="0" offset="0" sl="56" sc="9" el="56" ec="10" bec="0" bev="0" fileid="28" />
                <SequencePoint vc="0" uspid="824" ordinal="1" offset="1" sl="57" sc="13" el="57" ec="32" bec="0" bev="0" fileid="28" />
                <SequencePoint vc="0" uspid="825" ordinal="2" offset="7" sl="58" sc="13" el="58" ec="32" bec="2" bev="0" fileid="28" />
                <SequencePoint vc="0" uspid="826" ordinal="3" offset="23" sl="59" sc="17" el="59" ec="34" bec="0" bev="0" fileid="28" />
                <SequencePoint vc="0" uspid="827" ordinal="4" offset="31" sl="60" sc="18" el="60" ec="36" bec="2" bev="0" fileid="28" />
                <SequencePoint vc="0" uspid="828" ordinal="5" offset="47" sl="61" sc="17" el="61" ec="33" bec="0" bev="0" fileid="28" />
                <SequencePoint vc="0" uspid="829" ordinal="6" offset="53" sl="63" sc="13" el="63" ec="41" bec="4" bev="0" fileid="28" />
                <SequencePoint vc="0" uspid="830" ordinal="7" offset="72" sl="64" sc="17" el="65" ec="59" bec="0" bev="0" fileid="28" />
                <SequencePoint vc="0" uspid="831" ordinal="8" offset="117" sl="66" sc="9" el="66" ec="10" bec="0" bev="0" fileid="28" />
              </SequencePoints>
              <BranchPoints>
                <BranchPoint vc="0" uspid="832" ordinal="0" offset="21" sl="58" path="0" offsetend="23" fileid="28" />
                <BranchPoint vc="0" uspid="833" ordinal="1" offset="21" sl="58" path="1" offsetend="31" fileid="28" />
                <BranchPoint vc="0" uspid="834" ordinal="2" offset="45" sl="60" path="0" offsetend="47" fileid="28" />
                <BranchPoint vc="0" uspid="835" ordinal="3" offset="45" sl="60" path="1" offsetend="53" fileid="28" />
                <BranchPoint vc="0" uspid="836" ordinal="4" offset="55" sl="63" path="0" offsetend="57" fileid="28" />
                <BranchPoint vc="0" uspid="837" ordinal="5" offset="55" sl="63" path="1" offsetend="67" fileid="28" />
                <BranchPoint vc="0" uspid="838" ordinal="6" offset="70" sl="63" path="0" offsetend="72" fileid="28" />
                <BranchPoint vc="0" uspid="839" ordinal="7" offset="70" sl="63" path="1" offsetend="117" fileid="28" />
              </BranchPoints>
              <MethodPoint xsi:type="SequencePoint" vc="0" uspid="823" ordinal="0" offset="0" sl="56" sc="9" el="56" ec="10" bec="0" bev="0" fileid="28" />
            </Method>
          </Methods>
        </Class>
      </Classes>
    </Module>
  </Modules>
</CoverageSession>